CRITICAL - 2023-05-22 09:05:15 --> Call to undefined method CodeIgniter\Database\MySQLi\Connection::get_where()
in APPPATH\Models\EmailModel.php on line 23.
 1 APPPATH\Controllers\Email.php(92): App\Models\EmailModel->get_email_by_id('1')
 2 SYSTEMPATH\CodeIgniter.php(934): App\Controllers\Email->edit('1')
 3 SYSTEMPATH\CodeIgniter.php(499): CodeIgniter\CodeIgniter->runController(Object(App\Controllers\Email))
 4 SYSTEMPATH\CodeIgniter.php(368): CodeIgniter\CodeIgniter->handleRequest(null, Object(Config\Cache), false)
 5 FCPATH\index.php(67): CodeIgniter\CodeIgniter->run()
 6 SYSTEMPATH\Commands\Server\rewrite.php(47): require_once('C:\\Users\\lowre\\Desktop\\SIT\\y1tri3\\CSC1106\\Ci4-project\\public\\index.php')
CRITICAL - 2023-05-22 09:06:41 --> Call to undefined method CodeIgniter\Database\MySQLi\Connection::get_where()
in APPPATH\Models\EmailModel.php on line 23.
 1 APPPATH\Controllers\Email.php(92): App\Models\EmailModel->get_email_by_id('1')
 2 SYSTEMPATH\CodeIgniter.php(934): App\Controllers\Email->edit('1')
 3 SYSTEMPATH\CodeIgniter.php(499): CodeIgniter\CodeIgniter->runController(Object(App\Controllers\Email))
 4 SYSTEMPATH\CodeIgniter.php(368): CodeIgniter\CodeIgniter->handleRequest(null, Object(Config\Cache), false)
 5 FCPATH\index.php(67): CodeIgniter\CodeIgniter->run()
 6 SYSTEMPATH\Commands\Server\rewrite.php(47): require_once('C:\\Users\\lowre\\Desktop\\SIT\\y1tri3\\CSC1106\\Ci4-project\\public\\index.php')
CRITICAL - 2023-05-22 09:09:29 --> Call to undefined method CodeIgniter\Database\MySQLi\Connection::get_where()
in APPPATH\Models\EmailModel.php on line 23.
 1 APPPATH\Controllers\Email.php(90): App\Models\EmailModel->get_email_by_id('2')
 2 SYSTEMPATH\CodeIgniter.php(934): App\Controllers\Email->edit('2')
 3 SYSTEMPATH\CodeIgniter.php(499): CodeIgniter\CodeIgniter->runController(Object(App\Controllers\Email))
 4 SYSTEMPATH\CodeIgniter.php(368): CodeIgniter\CodeIgniter->handleRequest(null, Object(Config\Cache), false)
 5 FCPATH\index.php(67): CodeIgniter\CodeIgniter->run()
 6 SYSTEMPATH\Commands\Server\rewrite.php(47): require_once('C:\\Users\\lowre\\Desktop\\SIT\\y1tri3\\CSC1106\\Ci4-project\\public\\index.php')
CRITICAL - 2023-05-22 09:10:16 --> Call to undefined function form_open()
in APPPATH\Views\email\email_edit.php on line 5.
 1 SYSTEMPATH\View\View.php(213): include()
 2 SYSTEMPATH\View\View.php(216): CodeIgniter\View\View->CodeIgniter\View\{closure}()
 3 SYSTEMPATH\Common.php(1184): CodeIgniter\View\View->render('email/email_edit', [], true)
 4 APPPATH\Controllers\Email.php(102): view('email/email_edit', [...])
 5 SYSTEMPATH\CodeIgniter.php(934): App\Controllers\Email->edit('2')
 6 SYSTEMPATH\CodeIgniter.php(499): CodeIgniter\CodeIgniter->runController(Object(App\Controllers\Email))
 7 SYSTEMPATH\CodeIgniter.php(368): CodeIgniter\CodeIgniter->handleRequest(null, Object(Config\Cache), false)
 8 FCPATH\index.php(67): CodeIgniter\CodeIgniter->run()
 9 SYSTEMPATH\Commands\Server\rewrite.php(47): require_once('C:\\Users\\lowre\\Desktop\\SIT\\y1tri3\\CSC1106\\Ci4-project\\public\\index.php')
CRITICAL - 2023-05-22 09:11:01 --> Call to undefined function form_open()
in APPPATH\Views\email\email_edit.php on line 7.
 1 SYSTEMPATH\View\View.php(213): include()
 2 SYSTEMPATH\View\View.php(216): CodeIgniter\View\View->CodeIgniter\View\{closure}()
 3 SYSTEMPATH\Common.php(1184): CodeIgniter\View\View->render('email/email_edit', [], true)
 4 APPPATH\Controllers\Email.php(102): view('email/email_edit', [...])
 5 SYSTEMPATH\CodeIgniter.php(934): App\Controllers\Email->edit('2')
 6 SYSTEMPATH\CodeIgniter.php(499): CodeIgniter\CodeIgniter->runController(Object(App\Controllers\Email))
 7 SYSTEMPATH\CodeIgniter.php(368): CodeIgniter\CodeIgniter->handleRequest(null, Object(Config\Cache), false)
 8 FCPATH\index.php(67): CodeIgniter\CodeIgniter->run()
 9 SYSTEMPATH\Commands\Server\rewrite.php(47): require_once('C:\\Users\\lowre\\Desktop\\SIT\\y1tri3\\CSC1106\\Ci4-project\\public\\index.php')
CRITICAL - 2023-05-22 09:20:06 --> Invalid file: "email/edit.php"
in SYSTEMPATH\Exceptions\FrameworkException.php on line 33.
 1 SYSTEMPATH\View\View.php(201): CodeIgniter\Exceptions\FrameworkException::forInvalidFile('email/edit.php')
 2 SYSTEMPATH\Common.php(1184): CodeIgniter\View\View->render('email/edit', [], true)
 3 APPPATH\Controllers\Email.php(102): view('email/edit', [...])
 4 SYSTEMPATH\CodeIgniter.php(934): App\Controllers\Email->edit('1')
 5 SYSTEMPATH\CodeIgniter.php(499): CodeIgniter\CodeIgniter->runController(Object(App\Controllers\Email))
 6 SYSTEMPATH\CodeIgniter.php(368): CodeIgniter\CodeIgniter->handleRequest(null, Object(Config\Cache), false)
 7 FCPATH\index.php(67): CodeIgniter\CodeIgniter->run()
 8 SYSTEMPATH\Commands\Server\rewrite.php(47): require_once('C:\\Users\\lowre\\Desktop\\SIT\\y1tri3\\CSC1106\\Ci4-project\\public\\index.php')
CRITICAL - 2023-05-22 09:20:09 --> Invalid file: "email/edit.php"
in SYSTEMPATH\Exceptions\FrameworkException.php on line 33.
 1 SYSTEMPATH\View\View.php(201): CodeIgniter\Exceptions\FrameworkException::forInvalidFile('email/edit.php')
 2 SYSTEMPATH\Common.php(1184): CodeIgniter\View\View->render('email/edit', [], true)
 3 APPPATH\Controllers\Email.php(102): view('email/edit', [...])
 4 SYSTEMPATH\CodeIgniter.php(934): App\Controllers\Email->edit('2')
 5 SYSTEMPATH\CodeIgniter.php(499): CodeIgniter\CodeIgniter->runController(Object(App\Controllers\Email))
 6 SYSTEMPATH\CodeIgniter.php(368): CodeIgniter\CodeIgniter->handleRequest(null, Object(Config\Cache), false)
 7 FCPATH\index.php(67): CodeIgniter\CodeIgniter->run()
 8 SYSTEMPATH\Commands\Server\rewrite.php(47): require_once('C:\\Users\\lowre\\Desktop\\SIT\\y1tri3\\CSC1106\\Ci4-project\\public\\index.php')
CRITICAL - 2023-05-22 09:27:15 --> The action you requested is not allowed.
in SYSTEMPATH\Security\Security.php on line 306.
 1 SYSTEMPATH\Security\Security.php(306): CodeIgniter\Security\Exceptions\SecurityException::forDisallowedAction()
 2 SYSTEMPATH\Filters\CSRF.php(55): CodeIgniter\Security\Security->verify(Object(CodeIgniter\HTTP\IncomingRequest))
 3 SYSTEMPATH\Filters\Filters.php(173): CodeIgniter\Filters\CSRF->before(Object(CodeIgniter\HTTP\IncomingRequest), null)
 4 SYSTEMPATH\CodeIgniter.php(473): CodeIgniter\Filters\Filters->run('email/update/1', 'before')
 5 SYSTEMPATH\CodeIgniter.php(368): CodeIgniter\CodeIgniter->handleRequest(null, Object(Config\Cache), false)
 6 FCPATH\index.php(67): CodeIgniter\CodeIgniter->run()
 7 SYSTEMPATH\Commands\Server\rewrite.php(47): require_once('C:\\Users\\lowre\\Desktop\\SIT\\y1tri3\\CSC1106\\Ci4-project\\public\\index.php')
CRITICAL - 2023-05-22 09:28:37 --> The action you requested is not allowed.
in SYSTEMPATH\Security\Security.php on line 306.
 1 SYSTEMPATH\Security\Security.php(306): CodeIgniter\Security\Exceptions\SecurityException::forDisallowedAction()
 2 SYSTEMPATH\Filters\CSRF.php(55): CodeIgniter\Security\Security->verify(Object(CodeIgniter\HTTP\IncomingRequest))
 3 SYSTEMPATH\Filters\Filters.php(173): CodeIgniter\Filters\CSRF->before(Object(CodeIgniter\HTTP\IncomingRequest), null)
 4 SYSTEMPATH\CodeIgniter.php(473): CodeIgniter\Filters\Filters->run('email/update/1', 'before')
 5 SYSTEMPATH\CodeIgniter.php(368): CodeIgniter\CodeIgniter->handleRequest(null, Object(Config\Cache), false)
 6 FCPATH\index.php(67): CodeIgniter\CodeIgniter->run()
 7 SYSTEMPATH\Commands\Server\rewrite.php(47): require_once('C:\\Users\\lowre\\Desktop\\SIT\\y1tri3\\CSC1106\\Ci4-project\\public\\index.php')
ERROR - 2023-05-22 09:32:33 --> Error connecting to the database: mysqli_sql_exception: No connection could be made because the target machine actively refused it in C:\Users\lowre\Desktop\SIT\y1tri3\CSC1106\Ci4-project\system\Database\MySQLi\Connection.php:173
Stack trace:
#0 C:\Users\lowre\Desktop\SIT\y1tri3\CSC1106\Ci4-project\system\Database\MySQLi\Connection.php(173): mysqli->real_connect('localhost', 'root', Object(SensitiveParameterValue), 'codeigniter_db', 3307, '', 0)
#1 C:\Users\lowre\Desktop\SIT\y1tri3\CSC1106\Ci4-project\system\Database\BaseConnection.php(391): CodeIgniter\Database\MySQLi\Connection->connect(false)
#2 C:\Users\lowre\Desktop\SIT\y1tri3\CSC1106\Ci4-project\system\Database\BaseConnection.php(574): CodeIgniter\Database\BaseConnection->initialize()
#3 C:\Users\lowre\Desktop\SIT\y1tri3\CSC1106\Ci4-project\system\Database\BaseBuilder.php(1616): CodeIgniter\Database\BaseConnection->query('SELECT *\nFROM `...', Array, false)
#4 C:\Users\lowre\Desktop\SIT\y1tri3\CSC1106\Ci4-project\system\Model.php(241): CodeIgniter\Database\BaseBuilder->get()
#5 C:\Users\lowre\Desktop\SIT\y1tri3\CSC1106\Ci4-project\system\BaseModel.php(618): CodeIgniter\Model->doFindAll(0, 0)
#6 C:\Users\lowre\Desktop\SIT\y1tri3\CSC1106\Ci4-project\app\Models\EmailModel.php(15): CodeIgniter\BaseModel->findAll()
#7 C:\Users\lowre\Desktop\SIT\y1tri3\CSC1106\Ci4-project\app\Controllers\Email.php(27): App\Models\EmailModel->getEmail(NULL)
#8 C:\Users\lowre\Desktop\SIT\y1tri3\CSC1106\Ci4-project\system\CodeIgniter.php(934): App\Controllers\Email->view()
#9 C:\Users\lowre\Desktop\SIT\y1tri3\CSC1106\Ci4-project\system\CodeIgniter.php(499): CodeIgniter\CodeIgniter->runController(Object(App\Controllers\Email))
#10 C:\Users\lowre\Desktop\SIT\y1tri3\CSC1106\Ci4-project\system\CodeIgniter.php(368): CodeIgniter\CodeIgniter->handleRequest(NULL, Object(Config\Cache), false)
#11 C:\Users\lowre\Desktop\SIT\y1tri3\CSC1106\Ci4-project\public\index.php(67): CodeIgniter\CodeIgniter->run()
#12 C:\Users\lowre\Desktop\SIT\y1tri3\CSC1106\Ci4-project\system\Commands\Server\rewrite.php(47): require_once('C:\\Users\\lowre\\...')
#13 {main}

Next CodeIgniter\Database\Exceptions\DatabaseException: No connection could be made because the target machine actively refused it in C:\Users\lowre\Desktop\SIT\y1tri3\CSC1106\Ci4-project\system\Database\MySQLi\Connection.php:218
Stack trace:
#0 C:\Users\lowre\Desktop\SIT\y1tri3\CSC1106\Ci4-project\system\Database\BaseConnection.php(391): CodeIgniter\Database\MySQLi\Connection->connect(false)
#1 C:\Users\lowre\Desktop\SIT\y1tri3\CSC1106\Ci4-project\system\Database\BaseConnection.php(574): CodeIgniter\Database\BaseConnection->initialize()
#2 C:\Users\lowre\Desktop\SIT\y1tri3\CSC1106\Ci4-project\system\Database\BaseBuilder.php(1616): CodeIgniter\Database\BaseConnection->query('SELECT *\nFROM `...', Array, false)
#3 C:\Users\lowre\Desktop\SIT\y1tri3\CSC1106\Ci4-project\system\Model.php(241): CodeIgniter\Database\BaseBuilder->get()
#4 C:\Users\lowre\Desktop\SIT\y1tri3\CSC1106\Ci4-project\system\BaseModel.php(618): CodeIgniter\Model->doFindAll(0, 0)
#5 C:\Users\lowre\Desktop\SIT\y1tri3\CSC1106\Ci4-project\app\Models\EmailModel.php(15): CodeIgniter\BaseModel->findAll()
#6 C:\Users\lowre\Desktop\SIT\y1tri3\CSC1106\Ci4-project\app\Controllers\Email.php(27): App\Models\EmailModel->getEmail(NULL)
#7 C:\Users\lowre\Desktop\SIT\y1tri3\CSC1106\Ci4-project\system\CodeIgniter.php(934): App\Controllers\Email->view()
#8 C:\Users\lowre\Desktop\SIT\y1tri3\CSC1106\Ci4-project\system\CodeIgniter.php(499): CodeIgniter\CodeIgniter->runController(Object(App\Controllers\Email))
#9 C:\Users\lowre\Desktop\SIT\y1tri3\CSC1106\Ci4-project\system\CodeIgniter.php(368): CodeIgniter\CodeIgniter->handleRequest(NULL, Object(Config\Cache), false)
#10 C:\Users\lowre\Desktop\SIT\y1tri3\CSC1106\Ci4-project\public\index.php(67): CodeIgniter\CodeIgniter->run()
#11 C:\Users\lowre\Desktop\SIT\y1tri3\CSC1106\Ci4-project\system\Commands\Server\rewrite.php(47): require_once('C:\\Users\\lowre\\...')
#12 {main}
CRITICAL - 2023-05-22 09:32:33 --> Unable to connect to the database.
Main connection [MySQLi]: No connection could be made because the target machine actively refused it
in SYSTEMPATH\Database\BaseConnection.php on line 427.
 1 SYSTEMPATH\Database\BaseConnection.php(574): CodeIgniter\Database\BaseConnection->initialize()
 2 SYSTEMPATH\Database\BaseBuilder.php(1616): CodeIgniter\Database\BaseConnection->query('SELECT *
FROM `email`', [], false)
 3 SYSTEMPATH\Model.php(241): CodeIgniter\Database\BaseBuilder->get()
 4 SYSTEMPATH\BaseModel.php(618): CodeIgniter\Model->doFindAll(0, 0)
 5 APPPATH\Models\EmailModel.php(15): CodeIgniter\BaseModel->findAll()
 6 APPPATH\Controllers\Email.php(27): App\Models\EmailModel->getEmail(null)
 7 SYSTEMPATH\CodeIgniter.php(934): App\Controllers\Email->view()
 8 SYSTEMPATH\CodeIgniter.php(499): CodeIgniter\CodeIgniter->runController(Object(App\Controllers\Email))
 9 SYSTEMPATH\CodeIgniter.php(368): CodeIgniter\CodeIgniter->handleRequest(null, Object(Config\Cache), false)
10 FCPATH\index.php(67): CodeIgniter\CodeIgniter->run()
11 SYSTEMPATH\Commands\Server\rewrite.php(47): require_once('C:\\Users\\lowre\\Desktop\\SIT\\y1tri3\\CSC1106\\Ci4-project\\public\\index.php')
ERROR - 2023-05-22 09:32:45 --> Error connecting to the database: mysqli_sql_exception: No connection could be made because the target machine actively refused it in C:\Users\lowre\Desktop\SIT\y1tri3\CSC1106\Ci4-project\system\Database\MySQLi\Connection.php:173
Stack trace:
#0 C:\Users\lowre\Desktop\SIT\y1tri3\CSC1106\Ci4-project\system\Database\MySQLi\Connection.php(173): mysqli->real_connect('localhost', 'root', Object(SensitiveParameterValue), 'codeigniter_db', 3307, '', 0)
#1 C:\Users\lowre\Desktop\SIT\y1tri3\CSC1106\Ci4-project\system\Database\BaseConnection.php(391): CodeIgniter\Database\MySQLi\Connection->connect(false)
#2 C:\Users\lowre\Desktop\SIT\y1tri3\CSC1106\Ci4-project\system\Database\BaseConnection.php(574): CodeIgniter\Database\BaseConnection->initialize()
#3 C:\Users\lowre\Desktop\SIT\y1tri3\CSC1106\Ci4-project\system\Database\BaseBuilder.php(1616): CodeIgniter\Database\BaseConnection->query('SELECT *\nFROM `...', Array, false)
#4 C:\Users\lowre\Desktop\SIT\y1tri3\CSC1106\Ci4-project\system\Model.php(241): CodeIgniter\Database\BaseBuilder->get()
#5 C:\Users\lowre\Desktop\SIT\y1tri3\CSC1106\Ci4-project\system\BaseModel.php(618): CodeIgniter\Model->doFindAll(0, 0)
#6 C:\Users\lowre\Desktop\SIT\y1tri3\CSC1106\Ci4-project\app\Models\EmailModel.php(15): CodeIgniter\BaseModel->findAll()
#7 C:\Users\lowre\Desktop\SIT\y1tri3\CSC1106\Ci4-project\app\Controllers\Email.php(27): App\Models\EmailModel->getEmail(NULL)
#8 C:\Users\lowre\Desktop\SIT\y1tri3\CSC1106\Ci4-project\system\CodeIgniter.php(934): App\Controllers\Email->view()
#9 C:\Users\lowre\Desktop\SIT\y1tri3\CSC1106\Ci4-project\system\CodeIgniter.php(499): CodeIgniter\CodeIgniter->runController(Object(App\Controllers\Email))
#10 C:\Users\lowre\Desktop\SIT\y1tri3\CSC1106\Ci4-project\system\CodeIgniter.php(368): CodeIgniter\CodeIgniter->handleRequest(NULL, Object(Config\Cache), false)
#11 C:\Users\lowre\Desktop\SIT\y1tri3\CSC1106\Ci4-project\public\index.php(67): CodeIgniter\CodeIgniter->run()
#12 C:\Users\lowre\Desktop\SIT\y1tri3\CSC1106\Ci4-project\system\Commands\Server\rewrite.php(47): require_once('C:\\Users\\lowre\\...')
#13 {main}

Next CodeIgniter\Database\Exceptions\DatabaseException: No connection could be made because the target machine actively refused it in C:\Users\lowre\Desktop\SIT\y1tri3\CSC1106\Ci4-project\system\Database\MySQLi\Connection.php:218
Stack trace:
#0 C:\Users\lowre\Desktop\SIT\y1tri3\CSC1106\Ci4-project\system\Database\BaseConnection.php(391): CodeIgniter\Database\MySQLi\Connection->connect(false)
#1 C:\Users\lowre\Desktop\SIT\y1tri3\CSC1106\Ci4-project\system\Database\BaseConnection.php(574): CodeIgniter\Database\BaseConnection->initialize()
#2 C:\Users\lowre\Desktop\SIT\y1tri3\CSC1106\Ci4-project\system\Database\BaseBuilder.php(1616): CodeIgniter\Database\BaseConnection->query('SELECT *\nFROM `...', Array, false)
#3 C:\Users\lowre\Desktop\SIT\y1tri3\CSC1106\Ci4-project\system\Model.php(241): CodeIgniter\Database\BaseBuilder->get()
#4 C:\Users\lowre\Desktop\SIT\y1tri3\CSC1106\Ci4-project\system\BaseModel.php(618): CodeIgniter\Model->doFindAll(0, 0)
#5 C:\Users\lowre\Desktop\SIT\y1tri3\CSC1106\Ci4-project\app\Models\EmailModel.php(15): CodeIgniter\BaseModel->findAll()
#6 C:\Users\lowre\Desktop\SIT\y1tri3\CSC1106\Ci4-project\app\Controllers\Email.php(27): App\Models\EmailModel->getEmail(NULL)
#7 C:\Users\lowre\Desktop\SIT\y1tri3\CSC1106\Ci4-project\system\CodeIgniter.php(934): App\Controllers\Email->view()
#8 C:\Users\lowre\Desktop\SIT\y1tri3\CSC1106\Ci4-project\system\CodeIgniter.php(499): CodeIgniter\CodeIgniter->runController(Object(App\Controllers\Email))
#9 C:\Users\lowre\Desktop\SIT\y1tri3\CSC1106\Ci4-project\system\CodeIgniter.php(368): CodeIgniter\CodeIgniter->handleRequest(NULL, Object(Config\Cache), false)
#10 C:\Users\lowre\Desktop\SIT\y1tri3\CSC1106\Ci4-project\public\index.php(67): CodeIgniter\CodeIgniter->run()
#11 C:\Users\lowre\Desktop\SIT\y1tri3\CSC1106\Ci4-project\system\Commands\Server\rewrite.php(47): require_once('C:\\Users\\lowre\\...')
#12 {main}
CRITICAL - 2023-05-22 09:32:45 --> Unable to connect to the database.
Main connection [MySQLi]: No connection could be made because the target machine actively refused it
in SYSTEMPATH\Database\BaseConnection.php on line 427.
 1 SYSTEMPATH\Database\BaseConnection.php(574): CodeIgniter\Database\BaseConnection->initialize()
 2 SYSTEMPATH\Database\BaseBuilder.php(1616): CodeIgniter\Database\BaseConnection->query('SELECT *
FROM `email`', [], false)
 3 SYSTEMPATH\Model.php(241): CodeIgniter\Database\BaseBuilder->get()
 4 SYSTEMPATH\BaseModel.php(618): CodeIgniter\Model->doFindAll(0, 0)
 5 APPPATH\Models\EmailModel.php(15): CodeIgniter\BaseModel->findAll()
 6 APPPATH\Controllers\Email.php(27): App\Models\EmailModel->getEmail(null)
 7 SYSTEMPATH\CodeIgniter.php(934): App\Controllers\Email->view()
 8 SYSTEMPATH\CodeIgniter.php(499): CodeIgniter\CodeIgniter->runController(Object(App\Controllers\Email))
 9 SYSTEMPATH\CodeIgniter.php(368): CodeIgniter\CodeIgniter->handleRequest(null, Object(Config\Cache), false)
10 FCPATH\index.php(67): CodeIgniter\CodeIgniter->run()
11 SYSTEMPATH\Commands\Server\rewrite.php(47): require_once('C:\\Users\\lowre\\Desktop\\SIT\\y1tri3\\CSC1106\\Ci4-project\\public\\index.php')
ERROR - 2023-05-22 09:32:49 --> Error connecting to the database: mysqli_sql_exception: No connection could be made because the target machine actively refused it in C:\Users\lowre\Desktop\SIT\y1tri3\CSC1106\Ci4-project\system\Database\MySQLi\Connection.php:173
Stack trace:
#0 C:\Users\lowre\Desktop\SIT\y1tri3\CSC1106\Ci4-project\system\Database\MySQLi\Connection.php(173): mysqli->real_connect('localhost', 'root', Object(SensitiveParameterValue), 'codeigniter_db', 3307, '', 0)
#1 C:\Users\lowre\Desktop\SIT\y1tri3\CSC1106\Ci4-project\system\Database\BaseConnection.php(391): CodeIgniter\Database\MySQLi\Connection->connect(false)
#2 C:\Users\lowre\Desktop\SIT\y1tri3\CSC1106\Ci4-project\system\Database\BaseConnection.php(574): CodeIgniter\Database\BaseConnection->initialize()
#3 C:\Users\lowre\Desktop\SIT\y1tri3\CSC1106\Ci4-project\system\Database\BaseBuilder.php(1616): CodeIgniter\Database\BaseConnection->query('SELECT *\nFROM `...', Array, false)
#4 C:\Users\lowre\Desktop\SIT\y1tri3\CSC1106\Ci4-project\system\Model.php(241): CodeIgniter\Database\BaseBuilder->get()
#5 C:\Users\lowre\Desktop\SIT\y1tri3\CSC1106\Ci4-project\system\BaseModel.php(618): CodeIgniter\Model->doFindAll(0, 0)
#6 C:\Users\lowre\Desktop\SIT\y1tri3\CSC1106\Ci4-project\app\Models\EmailModel.php(15): CodeIgniter\BaseModel->findAll()
#7 C:\Users\lowre\Desktop\SIT\y1tri3\CSC1106\Ci4-project\app\Controllers\Email.php(27): App\Models\EmailModel->getEmail(NULL)
#8 C:\Users\lowre\Desktop\SIT\y1tri3\CSC1106\Ci4-project\system\CodeIgniter.php(934): App\Controllers\Email->view()
#9 C:\Users\lowre\Desktop\SIT\y1tri3\CSC1106\Ci4-project\system\CodeIgniter.php(499): CodeIgniter\CodeIgniter->runController(Object(App\Controllers\Email))
#10 C:\Users\lowre\Desktop\SIT\y1tri3\CSC1106\Ci4-project\system\CodeIgniter.php(368): CodeIgniter\CodeIgniter->handleRequest(NULL, Object(Config\Cache), false)
#11 C:\Users\lowre\Desktop\SIT\y1tri3\CSC1106\Ci4-project\public\index.php(67): CodeIgniter\CodeIgniter->run()
#12 C:\Users\lowre\Desktop\SIT\y1tri3\CSC1106\Ci4-project\system\Commands\Server\rewrite.php(47): require_once('C:\\Users\\lowre\\...')
#13 {main}

Next CodeIgniter\Database\Exceptions\DatabaseException: No connection could be made because the target machine actively refused it in C:\Users\lowre\Desktop\SIT\y1tri3\CSC1106\Ci4-project\system\Database\MySQLi\Connection.php:218
Stack trace:
#0 C:\Users\lowre\Desktop\SIT\y1tri3\CSC1106\Ci4-project\system\Database\BaseConnection.php(391): CodeIgniter\Database\MySQLi\Connection->connect(false)
#1 C:\Users\lowre\Desktop\SIT\y1tri3\CSC1106\Ci4-project\system\Database\BaseConnection.php(574): CodeIgniter\Database\BaseConnection->initialize()
#2 C:\Users\lowre\Desktop\SIT\y1tri3\CSC1106\Ci4-project\system\Database\BaseBuilder.php(1616): CodeIgniter\Database\BaseConnection->query('SELECT *\nFROM `...', Array, false)
#3 C:\Users\lowre\Desktop\SIT\y1tri3\CSC1106\Ci4-project\system\Model.php(241): CodeIgniter\Database\BaseBuilder->get()
#4 C:\Users\lowre\Desktop\SIT\y1tri3\CSC1106\Ci4-project\system\BaseModel.php(618): CodeIgniter\Model->doFindAll(0, 0)
#5 C:\Users\lowre\Desktop\SIT\y1tri3\CSC1106\Ci4-project\app\Models\EmailModel.php(15): CodeIgniter\BaseModel->findAll()
#6 C:\Users\lowre\Desktop\SIT\y1tri3\CSC1106\Ci4-project\app\Controllers\Email.php(27): App\Models\EmailModel->getEmail(NULL)
#7 C:\Users\lowre\Desktop\SIT\y1tri3\CSC1106\Ci4-project\system\CodeIgniter.php(934): App\Controllers\Email->view()
#8 C:\Users\lowre\Desktop\SIT\y1tri3\CSC1106\Ci4-project\system\CodeIgniter.php(499): CodeIgniter\CodeIgniter->runController(Object(App\Controllers\Email))
#9 C:\Users\lowre\Desktop\SIT\y1tri3\CSC1106\Ci4-project\system\CodeIgniter.php(368): CodeIgniter\CodeIgniter->handleRequest(NULL, Object(Config\Cache), false)
#10 C:\Users\lowre\Desktop\SIT\y1tri3\CSC1106\Ci4-project\public\index.php(67): CodeIgniter\CodeIgniter->run()
#11 C:\Users\lowre\Desktop\SIT\y1tri3\CSC1106\Ci4-project\system\Commands\Server\rewrite.php(47): require_once('C:\\Users\\lowre\\...')
#12 {main}
CRITICAL - 2023-05-22 09:32:49 --> Unable to connect to the database.
Main connection [MySQLi]: No connection could be made because the target machine actively refused it
in SYSTEMPATH\Database\BaseConnection.php on line 427.
 1 SYSTEMPATH\Database\BaseConnection.php(574): CodeIgniter\Database\BaseConnection->initialize()
 2 SYSTEMPATH\Database\BaseBuilder.php(1616): CodeIgniter\Database\BaseConnection->query('SELECT *
FROM `email`', [], false)
 3 SYSTEMPATH\Model.php(241): CodeIgniter\Database\BaseBuilder->get()
 4 SYSTEMPATH\BaseModel.php(618): CodeIgniter\Model->doFindAll(0, 0)
 5 APPPATH\Models\EmailModel.php(15): CodeIgniter\BaseModel->findAll()
 6 APPPATH\Controllers\Email.php(27): App\Models\EmailModel->getEmail(null)
 7 SYSTEMPATH\CodeIgniter.php(934): App\Controllers\Email->view()
 8 SYSTEMPATH\CodeIgniter.php(499): CodeIgniter\CodeIgniter->runController(Object(App\Controllers\Email))
 9 SYSTEMPATH\CodeIgniter.php(368): CodeIgniter\CodeIgniter->handleRequest(null, Object(Config\Cache), false)
10 FCPATH\index.php(67): CodeIgniter\CodeIgniter->run()
11 SYSTEMPATH\Commands\Server\rewrite.php(47): require_once('C:\\Users\\lowre\\Desktop\\SIT\\y1tri3\\CSC1106\\Ci4-project\\public\\index.php')
ERROR - 2023-05-22 09:33:06 --> Error connecting to the database: mysqli_sql_exception: No connection could be made because the target machine actively refused it in C:\Users\lowre\Desktop\SIT\y1tri3\CSC1106\Ci4-project\system\Database\MySQLi\Connection.php:173
Stack trace:
#0 C:\Users\lowre\Desktop\SIT\y1tri3\CSC1106\Ci4-project\system\Database\MySQLi\Connection.php(173): mysqli->real_connect('localhost', 'root', Object(SensitiveParameterValue), 'codeigniter_db', 3307, '', 0)
#1 C:\Users\lowre\Desktop\SIT\y1tri3\CSC1106\Ci4-project\system\Database\BaseConnection.php(391): CodeIgniter\Database\MySQLi\Connection->connect(false)
#2 C:\Users\lowre\Desktop\SIT\y1tri3\CSC1106\Ci4-project\system\Database\BaseConnection.php(574): CodeIgniter\Database\BaseConnection->initialize()
#3 C:\Users\lowre\Desktop\SIT\y1tri3\CSC1106\Ci4-project\system\Database\BaseBuilder.php(1616): CodeIgniter\Database\BaseConnection->query('SELECT *\nFROM `...', Array, false)
#4 C:\Users\lowre\Desktop\SIT\y1tri3\CSC1106\Ci4-project\system\Model.php(241): CodeIgniter\Database\BaseBuilder->get()
#5 C:\Users\lowre\Desktop\SIT\y1tri3\CSC1106\Ci4-project\system\BaseModel.php(618): CodeIgniter\Model->doFindAll(0, 0)
#6 C:\Users\lowre\Desktop\SIT\y1tri3\CSC1106\Ci4-project\app\Models\EmailModel.php(15): CodeIgniter\BaseModel->findAll()
#7 C:\Users\lowre\Desktop\SIT\y1tri3\CSC1106\Ci4-project\app\Controllers\Email.php(27): App\Models\EmailModel->getEmail(NULL)
#8 C:\Users\lowre\Desktop\SIT\y1tri3\CSC1106\Ci4-project\system\CodeIgniter.php(934): App\Controllers\Email->view()
#9 C:\Users\lowre\Desktop\SIT\y1tri3\CSC1106\Ci4-project\system\CodeIgniter.php(499): CodeIgniter\CodeIgniter->runController(Object(App\Controllers\Email))
#10 C:\Users\lowre\Desktop\SIT\y1tri3\CSC1106\Ci4-project\system\CodeIgniter.php(368): CodeIgniter\CodeIgniter->handleRequest(NULL, Object(Config\Cache), false)
#11 C:\Users\lowre\Desktop\SIT\y1tri3\CSC1106\Ci4-project\public\index.php(67): CodeIgniter\CodeIgniter->run()
#12 C:\Users\lowre\Desktop\SIT\y1tri3\CSC1106\Ci4-project\system\Commands\Server\rewrite.php(47): require_once('C:\\Users\\lowre\\...')
#13 {main}

Next CodeIgniter\Database\Exceptions\DatabaseException: No connection could be made because the target machine actively refused it in C:\Users\lowre\Desktop\SIT\y1tri3\CSC1106\Ci4-project\system\Database\MySQLi\Connection.php:218
Stack trace:
#0 C:\Users\lowre\Desktop\SIT\y1tri3\CSC1106\Ci4-project\system\Database\BaseConnection.php(391): CodeIgniter\Database\MySQLi\Connection->connect(false)
#1 C:\Users\lowre\Desktop\SIT\y1tri3\CSC1106\Ci4-project\system\Database\BaseConnection.php(574): CodeIgniter\Database\BaseConnection->initialize()
#2 C:\Users\lowre\Desktop\SIT\y1tri3\CSC1106\Ci4-project\system\Database\BaseBuilder.php(1616): CodeIgniter\Database\BaseConnection->query('SELECT *\nFROM `...', Array, false)
#3 C:\Users\lowre\Desktop\SIT\y1tri3\CSC1106\Ci4-project\system\Model.php(241): CodeIgniter\Database\BaseBuilder->get()
#4 C:\Users\lowre\Desktop\SIT\y1tri3\CSC1106\Ci4-project\system\BaseModel.php(618): CodeIgniter\Model->doFindAll(0, 0)
#5 C:\Users\lowre\Desktop\SIT\y1tri3\CSC1106\Ci4-project\app\Models\EmailModel.php(15): CodeIgniter\BaseModel->findAll()
#6 C:\Users\lowre\Desktop\SIT\y1tri3\CSC1106\Ci4-project\app\Controllers\Email.php(27): App\Models\EmailModel->getEmail(NULL)
#7 C:\Users\lowre\Desktop\SIT\y1tri3\CSC1106\Ci4-project\system\CodeIgniter.php(934): App\Controllers\Email->view()
#8 C:\Users\lowre\Desktop\SIT\y1tri3\CSC1106\Ci4-project\system\CodeIgniter.php(499): CodeIgniter\CodeIgniter->runController(Object(App\Controllers\Email))
#9 C:\Users\lowre\Desktop\SIT\y1tri3\CSC1106\Ci4-project\system\CodeIgniter.php(368): CodeIgniter\CodeIgniter->handleRequest(NULL, Object(Config\Cache), false)
#10 C:\Users\lowre\Desktop\SIT\y1tri3\CSC1106\Ci4-project\public\index.php(67): CodeIgniter\CodeIgniter->run()
#11 C:\Users\lowre\Desktop\SIT\y1tri3\CSC1106\Ci4-project\system\Commands\Server\rewrite.php(47): require_once('C:\\Users\\lowre\\...')
#12 {main}
CRITICAL - 2023-05-22 09:33:06 --> Unable to connect to the database.
Main connection [MySQLi]: No connection could be made because the target machine actively refused it
in SYSTEMPATH\Database\BaseConnection.php on line 427.
 1 SYSTEMPATH\Database\BaseConnection.php(574): CodeIgniter\Database\BaseConnection->initialize()
 2 SYSTEMPATH\Database\BaseBuilder.php(1616): CodeIgniter\Database\BaseConnection->query('SELECT *
FROM `email`', [], false)
 3 SYSTEMPATH\Model.php(241): CodeIgniter\Database\BaseBuilder->get()
 4 SYSTEMPATH\BaseModel.php(618): CodeIgniter\Model->doFindAll(0, 0)
 5 APPPATH\Models\EmailModel.php(15): CodeIgniter\BaseModel->findAll()
 6 APPPATH\Controllers\Email.php(27): App\Models\EmailModel->getEmail(null)
 7 SYSTEMPATH\CodeIgniter.php(934): App\Controllers\Email->view()
 8 SYSTEMPATH\CodeIgniter.php(499): CodeIgniter\CodeIgniter->runController(Object(App\Controllers\Email))
 9 SYSTEMPATH\CodeIgniter.php(368): CodeIgniter\CodeIgniter->handleRequest(null, Object(Config\Cache), false)
10 FCPATH\index.php(67): CodeIgniter\CodeIgniter->run()
11 SYSTEMPATH\Commands\Server\rewrite.php(47): require_once('C:\\Users\\lowre\\Desktop\\SIT\\y1tri3\\CSC1106\\Ci4-project\\public\\index.php')
CRITICAL - 2023-05-22 09:51:21 --> Call to undefined function set_value()
in APPPATH\Views\email\view.php on line 13.
 1 SYSTEMPATH\View\View.php(213): include()
 2 SYSTEMPATH\View\View.php(216): CodeIgniter\View\View->CodeIgniter\View\{closure}()
 3 SYSTEMPATH\Common.php(1184): CodeIgniter\View\View->render('email/view', [], true)
 4 APPPATH\Controllers\Email.php(38): view('email/view', [...])
 5 SYSTEMPATH\CodeIgniter.php(934): App\Controllers\Email->view()
 6 SYSTEMPATH\CodeIgniter.php(499): CodeIgniter\CodeIgniter->runController(Object(App\Controllers\Email))
 7 SYSTEMPATH\CodeIgniter.php(368): CodeIgniter\CodeIgniter->handleRequest(null, Object(Config\Cache), false)
 8 FCPATH\index.php(67): CodeIgniter\CodeIgniter->run()
 9 SYSTEMPATH\Commands\Server\rewrite.php(47): require_once('C:\\Users\\lowre\\Desktop\\SIT\\y1tri3\\CSC1106\\Ci4-project\\public\\index.php')
CRITICAL - 2023-05-22 09:51:31 --> Call to undefined function set_value()
in APPPATH\Views\email\view.php on line 13.
 1 SYSTEMPATH\View\View.php(213): include()
 2 SYSTEMPATH\View\View.php(216): CodeIgniter\View\View->CodeIgniter\View\{closure}()
 3 SYSTEMPATH\Common.php(1184): CodeIgniter\View\View->render('email/view', [], true)
 4 APPPATH\Controllers\Email.php(38): view('email/view', [...])
 5 SYSTEMPATH\CodeIgniter.php(934): App\Controllers\Email->view()
 6 SYSTEMPATH\CodeIgniter.php(499): CodeIgniter\CodeIgniter->runController(Object(App\Controllers\Email))
 7 SYSTEMPATH\CodeIgniter.php(368): CodeIgniter\CodeIgniter->handleRequest(null, Object(Config\Cache), false)
 8 FCPATH\index.php(67): CodeIgniter\CodeIgniter->run()
 9 SYSTEMPATH\Commands\Server\rewrite.php(47): require_once('C:\\Users\\lowre\\Desktop\\SIT\\y1tri3\\CSC1106\\Ci4-project\\public\\index.php')
CRITICAL - 2023-05-22 09:51:46 --> Call to undefined function set_value()
in APPPATH\Views\email\view.php on line 13.
 1 SYSTEMPATH\View\View.php(213): include()
 2 SYSTEMPATH\View\View.php(216): CodeIgniter\View\View->CodeIgniter\View\{closure}()
 3 SYSTEMPATH\Common.php(1184): CodeIgniter\View\View->render('email/view', [], true)
 4 APPPATH\Controllers\Email.php(38): view('email/view', [...])
 5 SYSTEMPATH\CodeIgniter.php(934): App\Controllers\Email->view()
 6 SYSTEMPATH\CodeIgniter.php(499): CodeIgniter\CodeIgniter->runController(Object(App\Controllers\Email))
 7 SYSTEMPATH\CodeIgniter.php(368): CodeIgniter\CodeIgniter->handleRequest(null, Object(Config\Cache), false)
 8 FCPATH\index.php(67): CodeIgniter\CodeIgniter->run()
 9 SYSTEMPATH\Commands\Server\rewrite.php(47): require_once('C:\\Users\\lowre\\Desktop\\SIT\\y1tri3\\CSC1106\\Ci4-project\\public\\index.php')
