CRITICAL - 2023-05-16 01:12:34 --> syntax error, unexpected token "public", expecting end of file
in APPPATH\Models\NewsModel.php on line 12.
 1 SYSTEMPATH\Autoloader\Autoloader.php(289): CodeIgniter\Autoloader\Autoloader->includeFile('C:\\Users\\lowre\\Desktop\\SIT\\y1tri3\\CSC1106\\Ci4-project\\app\\Models\\NewsModel.php')
 2 SYSTEMPATH\Autoloader\Autoloader.php(267): CodeIgniter\Autoloader\Autoloader->loadInNamespace('App\\Models\\NewsModel')
 3 [internal function]: CodeIgniter\Autoloader\Autoloader->loadClass('App\\Models\\NewsModel')
 4 SYSTEMPATH\Config\Factories.php(155): class_exists('App\\Models\\NewsModel')
 5 SYSTEMPATH\Config\Factories.php(125): CodeIgniter\Config\Factories::locateClass([...], 'App\\Models\\NewsModel')
 6 SYSTEMPATH\Config\Factories.php(86): CodeIgniter\Config\Factories::__callStatic('models', [...])
 7 SYSTEMPATH\Common.php(829): CodeIgniter\Config\Factories::models('App\\Models\\NewsModel', [...], null)
 8 APPPATH\Controllers\News.php(12): model('App\\Models\\NewsModel')
 9 SYSTEMPATH\CodeIgniter.php(934): App\Controllers\News->index()
10 SYSTEMPATH\CodeIgniter.php(499): CodeIgniter\CodeIgniter->runController(Object(App\Controllers\News))
11 SYSTEMPATH\CodeIgniter.php(368): CodeIgniter\CodeIgniter->handleRequest(null, Object(Config\Cache), false)
12 FCPATH\index.php(67): CodeIgniter\CodeIgniter->run()
13 SYSTEMPATH\Commands\Server\rewrite.php(47): require_once('C:\\Users\\lowre\\Desktop\\SIT\\y1tri3\\CSC1106\\Ci4-project\\public\\index.php')
CRITICAL - 2023-05-16 01:12:36 --> syntax error, unexpected token "public", expecting end of file
in APPPATH\Models\NewsModel.php on line 12.
 1 SYSTEMPATH\Autoloader\Autoloader.php(289): CodeIgniter\Autoloader\Autoloader->includeFile('C:\\Users\\lowre\\Desktop\\SIT\\y1tri3\\CSC1106\\Ci4-project\\app\\Models\\NewsModel.php')
 2 SYSTEMPATH\Autoloader\Autoloader.php(267): CodeIgniter\Autoloader\Autoloader->loadInNamespace('App\\Models\\NewsModel')
 3 [internal function]: CodeIgniter\Autoloader\Autoloader->loadClass('App\\Models\\NewsModel')
 4 SYSTEMPATH\Config\Factories.php(155): class_exists('App\\Models\\NewsModel')
 5 SYSTEMPATH\Config\Factories.php(125): CodeIgniter\Config\Factories::locateClass([...], 'App\\Models\\NewsModel')
 6 SYSTEMPATH\Config\Factories.php(86): CodeIgniter\Config\Factories::__callStatic('models', [...])
 7 SYSTEMPATH\Common.php(829): CodeIgniter\Config\Factories::models('App\\Models\\NewsModel', [...], null)
 8 APPPATH\Controllers\News.php(12): model('App\\Models\\NewsModel')
 9 SYSTEMPATH\CodeIgniter.php(934): App\Controllers\News->index()
10 SYSTEMPATH\CodeIgniter.php(499): CodeIgniter\CodeIgniter->runController(Object(App\Controllers\News))
11 SYSTEMPATH\CodeIgniter.php(368): CodeIgniter\CodeIgniter->handleRequest(null, Object(Config\Cache), false)
12 FCPATH\index.php(67): CodeIgniter\CodeIgniter->run()
13 SYSTEMPATH\Commands\Server\rewrite.php(47): require_once('C:\\Users\\lowre\\Desktop\\SIT\\y1tri3\\CSC1106\\Ci4-project\\public\\index.php')
CRITICAL - 2023-05-16 10:43:01 --> Class "CI_Controller" not found
in APPPATH\Controllers\Email.php on line 2.
 1 SYSTEMPATH\Autoloader\Autoloader.php(312): include_once()
 2 SYSTEMPATH\Autoloader\Autoloader.php(289): CodeIgniter\Autoloader\Autoloader->includeFile('C:\\Users\\lowre\\Desktop\\SIT\\y1tri3\\CSC1106\\Ci4-project\\app\\Controllers\\Email.php')
 3 SYSTEMPATH\Autoloader\Autoloader.php(267): CodeIgniter\Autoloader\Autoloader->loadInNamespace('App\\Controllers\\Email')
 4 [internal function]: CodeIgniter\Autoloader\Autoloader->loadClass('App\\Controllers\\Email')
 5 SYSTEMPATH\CodeIgniter.php(892): class_exists('\\App\\Controllers\\Email', true)
 6 SYSTEMPATH\CodeIgniter.php(486): CodeIgniter\CodeIgniter->startController()
 7 SYSTEMPATH\CodeIgniter.php(368): CodeIgniter\CodeIgniter->handleRequest(null, Object(Config\Cache), false)
 8 FCPATH\index.php(67): CodeIgniter\CodeIgniter->run()
 9 SYSTEMPATH\Commands\Server\rewrite.php(47): require_once('C:\\Users\\lowre\\Desktop\\SIT\\y1tri3\\CSC1106\\Ci4-project\\public\\index.php')
CRITICAL - 2023-05-16 10:44:37 --> Class "BaseController" not found
in APPPATH\Controllers\Email.php on line 2.
 1 SYSTEMPATH\Autoloader\Autoloader.php(312): include_once()
 2 SYSTEMPATH\Autoloader\Autoloader.php(289): CodeIgniter\Autoloader\Autoloader->includeFile('C:\\Users\\lowre\\Desktop\\SIT\\y1tri3\\CSC1106\\Ci4-project\\app\\Controllers\\Email.php')
 3 SYSTEMPATH\Autoloader\Autoloader.php(267): CodeIgniter\Autoloader\Autoloader->loadInNamespace('App\\Controllers\\Email')
 4 [internal function]: CodeIgniter\Autoloader\Autoloader->loadClass('App\\Controllers\\Email')
 5 SYSTEMPATH\CodeIgniter.php(892): class_exists('\\App\\Controllers\\Email', true)
 6 SYSTEMPATH\CodeIgniter.php(486): CodeIgniter\CodeIgniter->startController()
 7 SYSTEMPATH\CodeIgniter.php(368): CodeIgniter\CodeIgniter->handleRequest(null, Object(Config\Cache), false)
 8 FCPATH\index.php(67): CodeIgniter\CodeIgniter->run()
 9 SYSTEMPATH\Commands\Server\rewrite.php(47): require_once('C:\\Users\\lowre\\Desktop\\SIT\\y1tri3\\CSC1106\\Ci4-project\\public\\index.php')
CRITICAL - 2023-05-16 10:45:53 --> Undefined property: App\Controllers\Email::$load
in APPPATH\Controllers\Email.php on line 30.
 1 APPPATH\Controllers\Email.php(30): CodeIgniter\Debug\Exceptions->errorHandler(2, 'Undefined property: App\\Controllers\\Email::$load', 'C:\\Users\\lowre\\Desktop\\SIT\\y1tri3\\CSC1106\\Ci4-project\\app\\Controllers\\Email.php', 30)
 2 SYSTEMPATH\CodeIgniter.php(934): App\Controllers\Email->create()
 3 SYSTEMPATH\CodeIgniter.php(499): CodeIgniter\CodeIgniter->runController(Object(App\Controllers\Email))
 4 SYSTEMPATH\CodeIgniter.php(368): CodeIgniter\CodeIgniter->handleRequest(null, Object(Config\Cache), false)
 5 FCPATH\index.php(67): CodeIgniter\CodeIgniter->run()
 6 SYSTEMPATH\Commands\Server\rewrite.php(47): require_once('C:\\Users\\lowre\\Desktop\\SIT\\y1tri3\\CSC1106\\Ci4-project\\public\\index.php')
CRITICAL - 2023-05-16 10:47:43 --> Cannot call constructor
in APPPATH\Controllers\Email.php on line 13.
 1 SYSTEMPATH\CodeIgniter.php(906): App\Controllers\Email->__construct()
 2 SYSTEMPATH\CodeIgniter.php(490): CodeIgniter\CodeIgniter->createController()
 3 SYSTEMPATH\CodeIgniter.php(368): CodeIgniter\CodeIgniter->handleRequest(null, Object(Config\Cache), false)
 4 FCPATH\index.php(67): CodeIgniter\CodeIgniter->run()
 5 SYSTEMPATH\Commands\Server\rewrite.php(47): require_once('C:\\Users\\lowre\\Desktop\\SIT\\y1tri3\\CSC1106\\Ci4-project\\public\\index.php')
CRITICAL - 2023-05-16 10:51:17 --> Undefined property: App\Controllers\Email::$load
in APPPATH\Controllers\Email.php on line 30.
 1 APPPATH\Controllers\Email.php(30): CodeIgniter\Debug\Exceptions->errorHandler(2, 'Undefined property: App\\Controllers\\Email::$load', 'C:\\Users\\lowre\\Desktop\\SIT\\y1tri3\\CSC1106\\Ci4-project\\app\\Controllers\\Email.php', 30)
 2 SYSTEMPATH\CodeIgniter.php(934): App\Controllers\Email->create()
 3 SYSTEMPATH\CodeIgniter.php(499): CodeIgniter\CodeIgniter->runController(Object(App\Controllers\Email))
 4 SYSTEMPATH\CodeIgniter.php(368): CodeIgniter\CodeIgniter->handleRequest(null, Object(Config\Cache), false)
 5 FCPATH\index.php(67): CodeIgniter\CodeIgniter->run()
 6 SYSTEMPATH\Commands\Server\rewrite.php(47): require_once('C:\\Users\\lowre\\Desktop\\SIT\\y1tri3\\CSC1106\\Ci4-project\\public\\index.php')
CRITICAL - 2023-05-16 10:57:14 --> Invalid file: "email/create.php"
in SYSTEMPATH\Exceptions\FrameworkException.php on line 33.
 1 SYSTEMPATH\View\View.php(201): CodeIgniter\Exceptions\FrameworkException::forInvalidFile('email/create.php')
 2 SYSTEMPATH\Common.php(1184): CodeIgniter\View\View->render('email/create', [], true)
 3 APPPATH\Controllers\Email.php(41): view('email/create', [...])
 4 SYSTEMPATH\CodeIgniter.php(934): App\Controllers\Email->create()
 5 SYSTEMPATH\CodeIgniter.php(499): CodeIgniter\CodeIgniter->runController(Object(App\Controllers\Email))
 6 SYSTEMPATH\CodeIgniter.php(368): CodeIgniter\CodeIgniter->handleRequest(null, Object(Config\Cache), false)
 7 FCPATH\index.php(67): CodeIgniter\CodeIgniter->run()
 8 SYSTEMPATH\Commands\Server\rewrite.php(47): require_once('C:\\Users\\lowre\\Desktop\\SIT\\y1tri3\\CSC1106\\Ci4-project\\public\\index.php')
CRITICAL - 2023-05-16 10:58:25 --> Invalid file: "email/create.php"
in SYSTEMPATH\Exceptions\FrameworkException.php on line 33.
 1 SYSTEMPATH\View\View.php(201): CodeIgniter\Exceptions\FrameworkException::forInvalidFile('email/create.php')
 2 SYSTEMPATH\Common.php(1184): CodeIgniter\View\View->render('email/create', [], true)
 3 APPPATH\Controllers\Email.php(41): view('email/create', [...])
 4 SYSTEMPATH\CodeIgniter.php(934): App\Controllers\Email->create()
 5 SYSTEMPATH\CodeIgniter.php(499): CodeIgniter\CodeIgniter->runController(Object(App\Controllers\Email))
 6 SYSTEMPATH\CodeIgniter.php(368): CodeIgniter\CodeIgniter->handleRequest(null, Object(Config\Cache), false)
 7 FCPATH\index.php(67): CodeIgniter\CodeIgniter->run()
 8 SYSTEMPATH\Commands\Server\rewrite.php(47): require_once('C:\\Users\\lowre\\Desktop\\SIT\\y1tri3\\CSC1106\\Ci4-project\\public\\index.php')
CRITICAL - 2023-05-16 10:58:27 --> Invalid file: "email/create.php"
in SYSTEMPATH\Exceptions\FrameworkException.php on line 33.
 1 SYSTEMPATH\View\View.php(201): CodeIgniter\Exceptions\FrameworkException::forInvalidFile('email/create.php')
 2 SYSTEMPATH\Common.php(1184): CodeIgniter\View\View->render('email/create', [], true)
 3 APPPATH\Controllers\Email.php(41): view('email/create', [...])
 4 SYSTEMPATH\CodeIgniter.php(934): App\Controllers\Email->create()
 5 SYSTEMPATH\CodeIgniter.php(499): CodeIgniter\CodeIgniter->runController(Object(App\Controllers\Email))
 6 SYSTEMPATH\CodeIgniter.php(368): CodeIgniter\CodeIgniter->handleRequest(null, Object(Config\Cache), false)
 7 FCPATH\index.php(67): CodeIgniter\CodeIgniter->run()
 8 SYSTEMPATH\Commands\Server\rewrite.php(47): require_once('C:\\Users\\lowre\\Desktop\\SIT\\y1tri3\\CSC1106\\Ci4-project\\public\\index.php')
CRITICAL - 2023-05-16 10:58:31 --> Invalid file: "email/create.php"
in SYSTEMPATH\Exceptions\FrameworkException.php on line 33.
 1 SYSTEMPATH\View\View.php(201): CodeIgniter\Exceptions\FrameworkException::forInvalidFile('email/create.php')
 2 SYSTEMPATH\Common.php(1184): CodeIgniter\View\View->render('email/create', [], true)
 3 APPPATH\Controllers\Email.php(41): view('email/create', [...])
 4 SYSTEMPATH\CodeIgniter.php(934): App\Controllers\Email->create()
 5 SYSTEMPATH\CodeIgniter.php(499): CodeIgniter\CodeIgniter->runController(Object(App\Controllers\Email))
 6 SYSTEMPATH\CodeIgniter.php(368): CodeIgniter\CodeIgniter->handleRequest(null, Object(Config\Cache), false)
 7 FCPATH\index.php(67): CodeIgniter\CodeIgniter->run()
 8 SYSTEMPATH\Commands\Server\rewrite.php(47): require_once('C:\\Users\\lowre\\Desktop\\SIT\\y1tri3\\CSC1106\\Ci4-project\\public\\index.php')
CRITICAL - 2023-05-16 10:58:39 --> Invalid file: "email/create.php"
in SYSTEMPATH\Exceptions\FrameworkException.php on line 33.
 1 SYSTEMPATH\View\View.php(201): CodeIgniter\Exceptions\FrameworkException::forInvalidFile('email/create.php')
 2 SYSTEMPATH\Common.php(1184): CodeIgniter\View\View->render('email/create', [], true)
 3 APPPATH\Controllers\Email.php(41): view('email/create', [...])
 4 SYSTEMPATH\CodeIgniter.php(934): App\Controllers\Email->create()
 5 SYSTEMPATH\CodeIgniter.php(499): CodeIgniter\CodeIgniter->runController(Object(App\Controllers\Email))
 6 SYSTEMPATH\CodeIgniter.php(368): CodeIgniter\CodeIgniter->handleRequest(null, Object(Config\Cache), false)
 7 FCPATH\index.php(67): CodeIgniter\CodeIgniter->run()
 8 SYSTEMPATH\Commands\Server\rewrite.php(47): require_once('C:\\Users\\lowre\\Desktop\\SIT\\y1tri3\\CSC1106\\Ci4-project\\public\\index.php')
CRITICAL - 2023-05-16 11:00:23 --> Array to string conversion
in APPPATH\Views\email\email_create.php on line 2.
 1 APPPATH\Views\email\email_create.php(2): CodeIgniter\Debug\Exceptions->errorHandler(2, 'Array to string conversion', 'C:\\Users\\lowre\\Desktop\\SIT\\y1tri3\\CSC1106\\Ci4-project\\app\\Views\\email\\email_create.php', 2)
 2 SYSTEMPATH\View\View.php(213): include('C:\\Users\\lowre\\Desktop\\SIT\\y1tri3\\CSC1106\\Ci4-project\\app\\Views\\email\\email_create.php')
 3 SYSTEMPATH\View\View.php(216): CodeIgniter\View\View->CodeIgniter\View\{closure}()
 4 SYSTEMPATH\Common.php(1184): CodeIgniter\View\View->render('email/email_create', [], true)
 5 APPPATH\Controllers\Email.php(41): view('email/email_create', [...])
 6 SYSTEMPATH\CodeIgniter.php(934): App\Controllers\Email->create()
 7 SYSTEMPATH\CodeIgniter.php(499): CodeIgniter\CodeIgniter->runController(Object(App\Controllers\Email))
 8 SYSTEMPATH\CodeIgniter.php(368): CodeIgniter\CodeIgniter->handleRequest(null, Object(Config\Cache), false)
 9 FCPATH\index.php(67): CodeIgniter\CodeIgniter->run()
10 SYSTEMPATH\Commands\Server\rewrite.php(47): require_once('C:\\Users\\lowre\\Desktop\\SIT\\y1tri3\\CSC1106\\Ci4-project\\public\\index.php')
CRITICAL - 2023-05-16 12:46:43 --> Call to undefined method App\Models\EmailModel::getEmail
in SYSTEMPATH\Model.php on line 842.
 1 APPPATH\Controllers\Email.php(27): CodeIgniter\Model->__call('getEmail', [...])
 2 SYSTEMPATH\CodeIgniter.php(934): App\Controllers\Email->view('1', '1')
 3 SYSTEMPATH\CodeIgniter.php(499): CodeIgniter\CodeIgniter->runController(Object(App\Controllers\Email))
 4 SYSTEMPATH\CodeIgniter.php(368): CodeIgniter\CodeIgniter->handleRequest(null, Object(Config\Cache), false)
 5 FCPATH\index.php(67): CodeIgniter\CodeIgniter->run()
 6 SYSTEMPATH\Commands\Server\rewrite.php(47): require_once('C:\\Users\\lowre\\Desktop\\SIT\\y1tri3\\CSC1106\\Ci4-project\\public\\index.php')
CRITICAL - 2023-05-16 12:48:31 --> Undefined array key "subject"
in APPPATH\Controllers\Email.php on line 35.
 1 APPPATH\Controllers\Email.php(35): CodeIgniter\Debug\Exceptions->errorHandler(2, 'Undefined array key "subject"', 'C:\\Users\\lowre\\Desktop\\SIT\\y1tri3\\CSC1106\\Ci4-project\\app\\Controllers\\Email.php', 35)
 2 SYSTEMPATH\CodeIgniter.php(934): App\Controllers\Email->view('1', '1')
 3 SYSTEMPATH\CodeIgniter.php(499): CodeIgniter\CodeIgniter->runController(Object(App\Controllers\Email))
 4 SYSTEMPATH\CodeIgniter.php(368): CodeIgniter\CodeIgniter->handleRequest(null, Object(Config\Cache), false)
 5 FCPATH\index.php(67): CodeIgniter\CodeIgniter->run()
 6 SYSTEMPATH\Commands\Server\rewrite.php(47): require_once('C:\\Users\\lowre\\Desktop\\SIT\\y1tri3\\CSC1106\\Ci4-project\\public\\index.php')
CRITICAL - 2023-05-16 12:48:54 --> Undefined variable $title
in APPPATH\Views\templates\header.php on line 8.
 1 APPPATH\Views\templates\header.php(8): CodeIgniter\Debug\Exceptions->errorHandler(2, 'Undefined variable $title', 'C:\\Users\\lowre\\Desktop\\SIT\\y1tri3\\CSC1106\\Ci4-project\\app\\Views\\templates\\header.php', 8)
 2 SYSTEMPATH\View\View.php(213): include('C:\\Users\\lowre\\Desktop\\SIT\\y1tri3\\CSC1106\\Ci4-project\\app\\Views\\templates\\header.php')
 3 SYSTEMPATH\View\View.php(216): CodeIgniter\View\View->CodeIgniter\View\{closure}()
 4 SYSTEMPATH\Common.php(1184): CodeIgniter\View\View->render('templates/header', [], true)
 5 APPPATH\Controllers\Email.php(37): view('templates/header', [...])
 6 SYSTEMPATH\CodeIgniter.php(934): App\Controllers\Email->view('1', '1')
 7 SYSTEMPATH\CodeIgniter.php(499): CodeIgniter\CodeIgniter->runController(Object(App\Controllers\Email))
 8 SYSTEMPATH\CodeIgniter.php(368): CodeIgniter\CodeIgniter->handleRequest(null, Object(Config\Cache), false)
 9 FCPATH\index.php(67): CodeIgniter\CodeIgniter->run()
10 SYSTEMPATH\Commands\Server\rewrite.php(47): require_once('C:\\Users\\lowre\\Desktop\\SIT\\y1tri3\\CSC1106\\Ci4-project\\public\\index.php')
CRITICAL - 2023-05-16 12:49:16 --> Undefined variable $news
in APPPATH\Views\email\view.php on line 1.
 1 APPPATH\Views\email\view.php(1): CodeIgniter\Debug\Exceptions->errorHandler(2, 'Undefined variable $news', 'C:\\Users\\lowre\\Desktop\\SIT\\y1tri3\\CSC1106\\Ci4-project\\app\\Views\\email\\view.php', 1)
 2 SYSTEMPATH\View\View.php(213): include('C:\\Users\\lowre\\Desktop\\SIT\\y1tri3\\CSC1106\\Ci4-project\\app\\Views\\email\\view.php')
 3 SYSTEMPATH\View\View.php(216): CodeIgniter\View\View->CodeIgniter\View\{closure}()
 4 SYSTEMPATH\Common.php(1184): CodeIgniter\View\View->render('email/view', [], true)
 5 APPPATH\Controllers\Email.php(38): view('email/view', [...])
 6 SYSTEMPATH\CodeIgniter.php(934): App\Controllers\Email->view('1', '1')
 7 SYSTEMPATH\CodeIgniter.php(499): CodeIgniter\CodeIgniter->runController(Object(App\Controllers\Email))
 8 SYSTEMPATH\CodeIgniter.php(368): CodeIgniter\CodeIgniter->handleRequest(null, Object(Config\Cache), false)
 9 FCPATH\index.php(67): CodeIgniter\CodeIgniter->run()
10 SYSTEMPATH\Commands\Server\rewrite.php(47): require_once('C:\\Users\\lowre\\Desktop\\SIT\\y1tri3\\CSC1106\\Ci4-project\\public\\index.php')
CRITICAL - 2023-05-16 12:49:36 --> Undefined variable $news
in APPPATH\Views\email\view.php on line 1.
 1 APPPATH\Views\email\view.php(1): CodeIgniter\Debug\Exceptions->errorHandler(2, 'Undefined variable $news', 'C:\\Users\\lowre\\Desktop\\SIT\\y1tri3\\CSC1106\\Ci4-project\\app\\Views\\email\\view.php', 1)
 2 SYSTEMPATH\View\View.php(213): include('C:\\Users\\lowre\\Desktop\\SIT\\y1tri3\\CSC1106\\Ci4-project\\app\\Views\\email\\view.php')
 3 SYSTEMPATH\View\View.php(216): CodeIgniter\View\View->CodeIgniter\View\{closure}()
 4 SYSTEMPATH\Common.php(1184): CodeIgniter\View\View->render('email/view', [], true)
 5 APPPATH\Controllers\Email.php(38): view('email/view', [...])
 6 SYSTEMPATH\CodeIgniter.php(934): App\Controllers\Email->view('1', '1')
 7 SYSTEMPATH\CodeIgniter.php(499): CodeIgniter\CodeIgniter->runController(Object(App\Controllers\Email))
 8 SYSTEMPATH\CodeIgniter.php(368): CodeIgniter\CodeIgniter->handleRequest(null, Object(Config\Cache), false)
 9 FCPATH\index.php(67): CodeIgniter\CodeIgniter->run()
10 SYSTEMPATH\Commands\Server\rewrite.php(47): require_once('C:\\Users\\lowre\\Desktop\\SIT\\y1tri3\\CSC1106\\Ci4-project\\public\\index.php')
CRITICAL - 2023-05-16 12:49:38 --> Undefined variable $news
in APPPATH\Views\email\view.php on line 1.
 1 APPPATH\Views\email\view.php(1): CodeIgniter\Debug\Exceptions->errorHandler(2, 'Undefined variable $news', 'C:\\Users\\lowre\\Desktop\\SIT\\y1tri3\\CSC1106\\Ci4-project\\app\\Views\\email\\view.php', 1)
 2 SYSTEMPATH\View\View.php(213): include('C:\\Users\\lowre\\Desktop\\SIT\\y1tri3\\CSC1106\\Ci4-project\\app\\Views\\email\\view.php')
 3 SYSTEMPATH\View\View.php(216): CodeIgniter\View\View->CodeIgniter\View\{closure}()
 4 SYSTEMPATH\Common.php(1184): CodeIgniter\View\View->render('email/view', [], true)
 5 APPPATH\Controllers\Email.php(38): view('email/view', [...])
 6 SYSTEMPATH\CodeIgniter.php(934): App\Controllers\Email->view('1', '1')
 7 SYSTEMPATH\CodeIgniter.php(499): CodeIgniter\CodeIgniter->runController(Object(App\Controllers\Email))
 8 SYSTEMPATH\CodeIgniter.php(368): CodeIgniter\CodeIgniter->handleRequest(null, Object(Config\Cache), false)
 9 FCPATH\index.php(67): CodeIgniter\CodeIgniter->run()
10 SYSTEMPATH\Commands\Server\rewrite.php(47): require_once('C:\\Users\\lowre\\Desktop\\SIT\\y1tri3\\CSC1106\\Ci4-project\\public\\index.php')
CRITICAL - 2023-05-16 12:49:44 --> Undefined variable $news
in APPPATH\Views\email\view.php on line 1.
 1 APPPATH\Views\email\view.php(1): CodeIgniter\Debug\Exceptions->errorHandler(2, 'Undefined variable $news', 'C:\\Users\\lowre\\Desktop\\SIT\\y1tri3\\CSC1106\\Ci4-project\\app\\Views\\email\\view.php', 1)
 2 SYSTEMPATH\View\View.php(213): include('C:\\Users\\lowre\\Desktop\\SIT\\y1tri3\\CSC1106\\Ci4-project\\app\\Views\\email\\view.php')
 3 SYSTEMPATH\View\View.php(216): CodeIgniter\View\View->CodeIgniter\View\{closure}()
 4 SYSTEMPATH\Common.php(1184): CodeIgniter\View\View->render('email/view', [], true)
 5 APPPATH\Controllers\Email.php(38): view('email/view', [...])
 6 SYSTEMPATH\CodeIgniter.php(934): App\Controllers\Email->view('1', '1')
 7 SYSTEMPATH\CodeIgniter.php(499): CodeIgniter\CodeIgniter->runController(Object(App\Controllers\Email))
 8 SYSTEMPATH\CodeIgniter.php(368): CodeIgniter\CodeIgniter->handleRequest(null, Object(Config\Cache), false)
 9 FCPATH\index.php(67): CodeIgniter\CodeIgniter->run()
10 SYSTEMPATH\Commands\Server\rewrite.php(47): require_once('C:\\Users\\lowre\\Desktop\\SIT\\y1tri3\\CSC1106\\Ci4-project\\public\\index.php')
CRITICAL - 2023-05-16 12:49:45 --> Undefined variable $news
in APPPATH\Views\email\view.php on line 1.
 1 APPPATH\Views\email\view.php(1): CodeIgniter\Debug\Exceptions->errorHandler(2, 'Undefined variable $news', 'C:\\Users\\lowre\\Desktop\\SIT\\y1tri3\\CSC1106\\Ci4-project\\app\\Views\\email\\view.php', 1)
 2 SYSTEMPATH\View\View.php(213): include('C:\\Users\\lowre\\Desktop\\SIT\\y1tri3\\CSC1106\\Ci4-project\\app\\Views\\email\\view.php')
 3 SYSTEMPATH\View\View.php(216): CodeIgniter\View\View->CodeIgniter\View\{closure}()
 4 SYSTEMPATH\Common.php(1184): CodeIgniter\View\View->render('email/view', [], true)
 5 APPPATH\Controllers\Email.php(38): view('email/view', [...])
 6 SYSTEMPATH\CodeIgniter.php(934): App\Controllers\Email->view('1', '1')
 7 SYSTEMPATH\CodeIgniter.php(499): CodeIgniter\CodeIgniter->runController(Object(App\Controllers\Email))
 8 SYSTEMPATH\CodeIgniter.php(368): CodeIgniter\CodeIgniter->handleRequest(null, Object(Config\Cache), false)
 9 FCPATH\index.php(67): CodeIgniter\CodeIgniter->run()
10 SYSTEMPATH\Commands\Server\rewrite.php(47): require_once('C:\\Users\\lowre\\Desktop\\SIT\\y1tri3\\CSC1106\\Ci4-project\\public\\index.php')
CRITICAL - 2023-05-16 12:49:47 --> Undefined variable $news
in APPPATH\Views\email\view.php on line 1.
 1 APPPATH\Views\email\view.php(1): CodeIgniter\Debug\Exceptions->errorHandler(2, 'Undefined variable $news', 'C:\\Users\\lowre\\Desktop\\SIT\\y1tri3\\CSC1106\\Ci4-project\\app\\Views\\email\\view.php', 1)
 2 SYSTEMPATH\View\View.php(213): include('C:\\Users\\lowre\\Desktop\\SIT\\y1tri3\\CSC1106\\Ci4-project\\app\\Views\\email\\view.php')
 3 SYSTEMPATH\View\View.php(216): CodeIgniter\View\View->CodeIgniter\View\{closure}()
 4 SYSTEMPATH\Common.php(1184): CodeIgniter\View\View->render('email/view', [], true)
 5 APPPATH\Controllers\Email.php(38): view('email/view', [...])
 6 SYSTEMPATH\CodeIgniter.php(934): App\Controllers\Email->view('1', '1')
 7 SYSTEMPATH\CodeIgniter.php(499): CodeIgniter\CodeIgniter->runController(Object(App\Controllers\Email))
 8 SYSTEMPATH\CodeIgniter.php(368): CodeIgniter\CodeIgniter->handleRequest(null, Object(Config\Cache), false)
 9 FCPATH\index.php(67): CodeIgniter\CodeIgniter->run()
10 SYSTEMPATH\Commands\Server\rewrite.php(47): require_once('C:\\Users\\lowre\\Desktop\\SIT\\y1tri3\\CSC1106\\Ci4-project\\public\\index.php')
CRITICAL - 2023-05-16 12:50:05 --> Undefined variable $news
in APPPATH\Views\email\view.php on line 1.
 1 APPPATH\Views\email\view.php(1): CodeIgniter\Debug\Exceptions->errorHandler(2, 'Undefined variable $news', 'C:\\Users\\lowre\\Desktop\\SIT\\y1tri3\\CSC1106\\Ci4-project\\app\\Views\\email\\view.php', 1)
 2 SYSTEMPATH\View\View.php(213): include('C:\\Users\\lowre\\Desktop\\SIT\\y1tri3\\CSC1106\\Ci4-project\\app\\Views\\email\\view.php')
 3 SYSTEMPATH\View\View.php(216): CodeIgniter\View\View->CodeIgniter\View\{closure}()
 4 SYSTEMPATH\Common.php(1184): CodeIgniter\View\View->render('email/view', [], true)
 5 APPPATH\Controllers\Email.php(38): view('email/view', [...])
 6 SYSTEMPATH\CodeIgniter.php(934): App\Controllers\Email->view('1', '1')
 7 SYSTEMPATH\CodeIgniter.php(499): CodeIgniter\CodeIgniter->runController(Object(App\Controllers\Email))
 8 SYSTEMPATH\CodeIgniter.php(368): CodeIgniter\CodeIgniter->handleRequest(null, Object(Config\Cache), false)
 9 FCPATH\index.php(67): CodeIgniter\CodeIgniter->run()
10 SYSTEMPATH\Commands\Server\rewrite.php(47): require_once('C:\\Users\\lowre\\Desktop\\SIT\\y1tri3\\CSC1106\\Ci4-project\\public\\index.php')
CRITICAL - 2023-05-16 12:50:33 --> Undefined variable $emails
in APPPATH\Views\email\view.php on line 1.
 1 APPPATH\Views\email\view.php(1): CodeIgniter\Debug\Exceptions->errorHandler(2, 'Undefined variable $emails', 'C:\\Users\\lowre\\Desktop\\SIT\\y1tri3\\CSC1106\\Ci4-project\\app\\Views\\email\\view.php', 1)
 2 SYSTEMPATH\View\View.php(213): include('C:\\Users\\lowre\\Desktop\\SIT\\y1tri3\\CSC1106\\Ci4-project\\app\\Views\\email\\view.php')
 3 SYSTEMPATH\View\View.php(216): CodeIgniter\View\View->CodeIgniter\View\{closure}()
 4 SYSTEMPATH\Common.php(1184): CodeIgniter\View\View->render('email/view', [], true)
 5 APPPATH\Controllers\Email.php(38): view('email/view', [...])
 6 SYSTEMPATH\CodeIgniter.php(934): App\Controllers\Email->view('1', '1')
 7 SYSTEMPATH\CodeIgniter.php(499): CodeIgniter\CodeIgniter->runController(Object(App\Controllers\Email))
 8 SYSTEMPATH\CodeIgniter.php(368): CodeIgniter\CodeIgniter->handleRequest(null, Object(Config\Cache), false)
 9 FCPATH\index.php(67): CodeIgniter\CodeIgniter->run()
10 SYSTEMPATH\Commands\Server\rewrite.php(47): require_once('C:\\Users\\lowre\\Desktop\\SIT\\y1tri3\\CSC1106\\Ci4-project\\public\\index.php')
CRITICAL - 2023-05-16 12:54:52 --> Undefined variable $id
in APPPATH\Models\EmailModel.php on line 15.
 1 APPPATH\Models\EmailModel.php(15): CodeIgniter\Debug\Exceptions->errorHandler(2, 'Undefined variable $id', 'C:\\Users\\lowre\\Desktop\\SIT\\y1tri3\\CSC1106\\Ci4-project\\app\\Models\\EmailModel.php', 15)
 2 APPPATH\Controllers\Email.php(27): App\Models\EmailModel->getEmail(null)
 3 SYSTEMPATH\CodeIgniter.php(934): App\Controllers\Email->view()
 4 SYSTEMPATH\CodeIgniter.php(499): CodeIgniter\CodeIgniter->runController(Object(App\Controllers\Email))
 5 SYSTEMPATH\CodeIgniter.php(368): CodeIgniter\CodeIgniter->handleRequest(null, Object(Config\Cache), false)
 6 FCPATH\index.php(67): CodeIgniter\CodeIgniter->run()
 7 SYSTEMPATH\Commands\Server\rewrite.php(47): require_once('C:\\Users\\lowre\\Desktop\\SIT\\y1tri3\\CSC1106\\Ci4-project\\public\\index.php')
CRITICAL - 2023-05-16 12:56:20 --> Undefined array key "sender_email"
in APPPATH\Views\email\view.php on line 1.
 1 APPPATH\Views\email\view.php(1): CodeIgniter\Debug\Exceptions->errorHandler(2, 'Undefined array key "sender_email"', 'C:\\Users\\lowre\\Desktop\\SIT\\y1tri3\\CSC1106\\Ci4-project\\app\\Views\\email\\view.php', 1)
 2 SYSTEMPATH\View\View.php(213): include('C:\\Users\\lowre\\Desktop\\SIT\\y1tri3\\CSC1106\\Ci4-project\\app\\Views\\email\\view.php')
 3 SYSTEMPATH\View\View.php(216): CodeIgniter\View\View->CodeIgniter\View\{closure}()
 4 SYSTEMPATH\Common.php(1184): CodeIgniter\View\View->render('email/view', [], true)
 5 APPPATH\Controllers\Email.php(38): view('email/view', [...])
 6 SYSTEMPATH\CodeIgniter.php(934): App\Controllers\Email->view()
 7 SYSTEMPATH\CodeIgniter.php(499): CodeIgniter\CodeIgniter->runController(Object(App\Controllers\Email))
 8 SYSTEMPATH\CodeIgniter.php(368): CodeIgniter\CodeIgniter->handleRequest(null, Object(Config\Cache), false)
 9 FCPATH\index.php(67): CodeIgniter\CodeIgniter->run()
10 SYSTEMPATH\Commands\Server\rewrite.php(47): require_once('C:\\Users\\lowre\\Desktop\\SIT\\y1tri3\\CSC1106\\Ci4-project\\public\\index.php')
CRITICAL - 2023-05-16 12:57:44 --> Undefined array key "sender_email"
in APPPATH\Views\email\view.php on line 1.
 1 APPPATH\Views\email\view.php(1): CodeIgniter\Debug\Exceptions->errorHandler(2, 'Undefined array key "sender_email"', 'C:\\Users\\lowre\\Desktop\\SIT\\y1tri3\\CSC1106\\Ci4-project\\app\\Views\\email\\view.php', 1)
 2 SYSTEMPATH\View\View.php(213): include('C:\\Users\\lowre\\Desktop\\SIT\\y1tri3\\CSC1106\\Ci4-project\\app\\Views\\email\\view.php')
 3 SYSTEMPATH\View\View.php(216): CodeIgniter\View\View->CodeIgniter\View\{closure}()
 4 SYSTEMPATH\Common.php(1184): CodeIgniter\View\View->render('email/view', [], true)
 5 APPPATH\Controllers\Email.php(38): view('email/view', [...])
 6 SYSTEMPATH\CodeIgniter.php(934): App\Controllers\Email->view()
 7 SYSTEMPATH\CodeIgniter.php(499): CodeIgniter\CodeIgniter->runController(Object(App\Controllers\Email))
 8 SYSTEMPATH\CodeIgniter.php(368): CodeIgniter\CodeIgniter->handleRequest(null, Object(Config\Cache), false)
 9 FCPATH\index.php(67): CodeIgniter\CodeIgniter->run()
10 SYSTEMPATH\Commands\Server\rewrite.php(47): require_once('C:\\Users\\lowre\\Desktop\\SIT\\y1tri3\\CSC1106\\Ci4-project\\public\\index.php')
CRITICAL - 2023-05-16 12:59:01 --> Undefined variable $emails
in APPPATH\Views\email\view.php on line 1.
 1 APPPATH\Views\email\view.php(1): CodeIgniter\Debug\Exceptions->errorHandler(2, 'Undefined variable $emails', 'C:\\Users\\lowre\\Desktop\\SIT\\y1tri3\\CSC1106\\Ci4-project\\app\\Views\\email\\view.php', 1)
 2 SYSTEMPATH\View\View.php(213): include('C:\\Users\\lowre\\Desktop\\SIT\\y1tri3\\CSC1106\\Ci4-project\\app\\Views\\email\\view.php')
 3 SYSTEMPATH\View\View.php(216): CodeIgniter\View\View->CodeIgniter\View\{closure}()
 4 SYSTEMPATH\Common.php(1184): CodeIgniter\View\View->render('email/view', [], true)
 5 APPPATH\Controllers\Email.php(38): view('email/view', [...])
 6 SYSTEMPATH\CodeIgniter.php(934): App\Controllers\Email->view()
 7 SYSTEMPATH\CodeIgniter.php(499): CodeIgniter\CodeIgniter->runController(Object(App\Controllers\Email))
 8 SYSTEMPATH\CodeIgniter.php(368): CodeIgniter\CodeIgniter->handleRequest(null, Object(Config\Cache), false)
 9 FCPATH\index.php(67): CodeIgniter\CodeIgniter->run()
10 SYSTEMPATH\Commands\Server\rewrite.php(47): require_once('C:\\Users\\lowre\\Desktop\\SIT\\y1tri3\\CSC1106\\Ci4-project\\public\\index.php')
CRITICAL - 2023-05-16 12:59:57 --> The action you requested is not allowed.
in SYSTEMPATH\Security\Security.php on line 306.
 1 SYSTEMPATH\Security\Security.php(306): CodeIgniter\Security\Exceptions\SecurityException::forDisallowedAction()
 2 SYSTEMPATH\Filters\CSRF.php(55): CodeIgniter\Security\Security->verify(Object(CodeIgniter\HTTP\IncomingRequest))
 3 SYSTEMPATH\Filters\Filters.php(173): CodeIgniter\Filters\CSRF->before(Object(CodeIgniter\HTTP\IncomingRequest), null)
 4 SYSTEMPATH\CodeIgniter.php(473): CodeIgniter\Filters\Filters->run('email/create', 'before')
 5 SYSTEMPATH\CodeIgniter.php(368): CodeIgniter\CodeIgniter->handleRequest(null, Object(Config\Cache), false)
 6 FCPATH\index.php(67): CodeIgniter\CodeIgniter->run()
 7 SYSTEMPATH\Commands\Server\rewrite.php(47): require_once('C:\\Users\\lowre\\Desktop\\SIT\\y1tri3\\CSC1106\\Ci4-project\\public\\index.php')
CRITICAL - 2023-05-16 13:02:15 --> The action you requested is not allowed.
in SYSTEMPATH\Security\Security.php on line 306.
 1 SYSTEMPATH\Security\Security.php(306): CodeIgniter\Security\Exceptions\SecurityException::forDisallowedAction()
 2 SYSTEMPATH\Filters\CSRF.php(55): CodeIgniter\Security\Security->verify(Object(CodeIgniter\HTTP\IncomingRequest))
 3 SYSTEMPATH\Filters\Filters.php(173): CodeIgniter\Filters\CSRF->before(Object(CodeIgniter\HTTP\IncomingRequest), null)
 4 SYSTEMPATH\CodeIgniter.php(473): CodeIgniter\Filters\Filters->run('email/create', 'before')
 5 SYSTEMPATH\CodeIgniter.php(368): CodeIgniter\CodeIgniter->handleRequest(null, Object(Config\Cache), false)
 6 FCPATH\index.php(67): CodeIgniter\CodeIgniter->run()
 7 SYSTEMPATH\Commands\Server\rewrite.php(47): require_once('C:\\Users\\lowre\\Desktop\\SIT\\y1tri3\\CSC1106\\Ci4-project\\public\\index.php')
CRITICAL - 2023-05-16 13:03:33 --> The action you requested is not allowed.
in SYSTEMPATH\Security\Security.php on line 306.
 1 SYSTEMPATH\Security\Security.php(306): CodeIgniter\Security\Exceptions\SecurityException::forDisallowedAction()
 2 SYSTEMPATH\Filters\CSRF.php(55): CodeIgniter\Security\Security->verify(Object(CodeIgniter\HTTP\IncomingRequest))
 3 SYSTEMPATH\Filters\Filters.php(173): CodeIgniter\Filters\CSRF->before(Object(CodeIgniter\HTTP\IncomingRequest), null)
 4 SYSTEMPATH\CodeIgniter.php(473): CodeIgniter\Filters\Filters->run('email/create', 'before')
 5 SYSTEMPATH\CodeIgniter.php(368): CodeIgniter\CodeIgniter->handleRequest(null, Object(Config\Cache), false)
 6 FCPATH\index.php(67): CodeIgniter\CodeIgniter->run()
 7 SYSTEMPATH\Commands\Server\rewrite.php(47): require_once('C:\\Users\\lowre\\Desktop\\SIT\\y1tri3\\CSC1106\\Ci4-project\\public\\index.php')
CRITICAL - 2023-05-16 13:04:37 --> Undefined variable $id
in APPPATH\Controllers\Email.php on line 27.
 1 APPPATH\Controllers\Email.php(27): CodeIgniter\Debug\Exceptions->errorHandler(2, 'Undefined variable $id', 'C:\\Users\\lowre\\Desktop\\SIT\\y1tri3\\CSC1106\\Ci4-project\\app\\Controllers\\Email.php', 27)
 2 SYSTEMPATH\CodeIgniter.php(934): App\Controllers\Email->view()
 3 SYSTEMPATH\CodeIgniter.php(499): CodeIgniter\CodeIgniter->runController(Object(App\Controllers\Email))
 4 SYSTEMPATH\CodeIgniter.php(368): CodeIgniter\CodeIgniter->handleRequest(null, Object(Config\Cache), false)
 5 FCPATH\index.php(67): CodeIgniter\CodeIgniter->run()
 6 SYSTEMPATH\Commands\Server\rewrite.php(47): require_once('C:\\Users\\lowre\\Desktop\\SIT\\y1tri3\\CSC1106\\Ci4-project\\public\\index.php')
CRITICAL - 2023-05-16 13:05:07 --> The action you requested is not allowed.
in SYSTEMPATH\Security\Security.php on line 306.
 1 SYSTEMPATH\Security\Security.php(306): CodeIgniter\Security\Exceptions\SecurityException::forDisallowedAction()
 2 SYSTEMPATH\Filters\CSRF.php(55): CodeIgniter\Security\Security->verify(Object(CodeIgniter\HTTP\IncomingRequest))
 3 SYSTEMPATH\Filters\Filters.php(173): CodeIgniter\Filters\CSRF->before(Object(CodeIgniter\HTTP\IncomingRequest), null)
 4 SYSTEMPATH\CodeIgniter.php(473): CodeIgniter\Filters\Filters->run('email/create', 'before')
 5 SYSTEMPATH\CodeIgniter.php(368): CodeIgniter\CodeIgniter->handleRequest(null, Object(Config\Cache), false)
 6 FCPATH\index.php(67): CodeIgniter\CodeIgniter->run()
 7 SYSTEMPATH\Commands\Server\rewrite.php(47): require_once('C:\\Users\\lowre\\Desktop\\SIT\\y1tri3\\CSC1106\\Ci4-project\\public\\index.php')
CRITICAL - 2023-05-16 13:05:51 --> Call to undefined method CodeIgniter\Database\MySQLi\Connection::insert()
in APPPATH\Models\EmailModel.php on line 19.
 1 APPPATH\Controllers\Email.php(75): App\Models\EmailModel->create_email([...])
 2 SYSTEMPATH\CodeIgniter.php(934): App\Controllers\Email->create()
 3 SYSTEMPATH\CodeIgniter.php(499): CodeIgniter\CodeIgniter->runController(Object(App\Controllers\Email))
 4 SYSTEMPATH\CodeIgniter.php(368): CodeIgniter\CodeIgniter->handleRequest(null, Object(Config\Cache), false)
 5 FCPATH\index.php(67): CodeIgniter\CodeIgniter->run()
 6 SYSTEMPATH\Commands\Server\rewrite.php(47): require_once('C:\\Users\\lowre\\Desktop\\SIT\\y1tri3\\CSC1106\\Ci4-project\\public\\index.php')
CRITICAL - 2023-05-16 13:07:37 --> Call to undefined method App\Models\EmailModel::create_email
in SYSTEMPATH\Model.php on line 842.
 1 APPPATH\Controllers\Email.php(75): CodeIgniter\Model->__call('create_email', [...])
 2 SYSTEMPATH\CodeIgniter.php(934): App\Controllers\Email->create()
 3 SYSTEMPATH\CodeIgniter.php(499): CodeIgniter\CodeIgniter->runController(Object(App\Controllers\Email))
 4 SYSTEMPATH\CodeIgniter.php(368): CodeIgniter\CodeIgniter->handleRequest(null, Object(Config\Cache), false)
 5 FCPATH\index.php(67): CodeIgniter\CodeIgniter->run()
 6 SYSTEMPATH\Commands\Server\rewrite.php(47): require_once('C:\\Users\\lowre\\Desktop\\SIT\\y1tri3\\CSC1106\\Ci4-project\\public\\index.php')
