CRITICAL - 2023-05-15 05:48:23 --> The framework needs the following extension(s) installed and loaded: intl.
in SYSTEMPATH\CodeIgniter.php on line 226.
 1 SYSTEMPATH\CodeIgniter.php(226): CodeIgniter\Exceptions\FrameworkException::forMissingExtension('intl')
 2 SYSTEMPATH\CodeIgniter.php(190): CodeIgniter\CodeIgniter->resolvePlatformExtensions()
 3 ROOTPATH\spark(83): CodeIgniter\CodeIgniter->initialize()
CRITICAL - 2023-05-15 05:55:52 --> The framework needs the following extension(s) installed and loaded: intl.
in SYSTEMPATH\CodeIgniter.php on line 226.
 1 SYSTEMPATH\CodeIgniter.php(226): CodeIgniter\Exceptions\FrameworkException::forMissingExtension('intl')
 2 SYSTEMPATH\CodeIgniter.php(190): CodeIgniter\CodeIgniter->resolvePlatformExtensions()
 3 ROOTPATH\spark(83): CodeIgniter\CodeIgniter->initialize()
CRITICAL - 2023-05-15 08:10:15 --> The framework needs the following extension(s) installed and loaded: intl.
in SYSTEMPATH\CodeIgniter.php on line 226.
 1 SYSTEMPATH\CodeIgniter.php(226): CodeIgniter\Exceptions\FrameworkException::forMissingExtension('intl')
 2 SYSTEMPATH\CodeIgniter.php(190): CodeIgniter\CodeIgniter->resolvePlatformExtensions()
 3 ROOTPATH\spark(83): CodeIgniter\CodeIgniter->initialize()
CRITICAL - 2023-05-15 10:28:13 --> syntax error, unexpected token "public", expecting end of file
in APPPATH\Models\NewsModel.php on line 12.
 1 SYSTEMPATH\Autoloader\Autoloader.php(289): CodeIgniter\Autoloader\Autoloader->includeFile('C:\\Users\\lowre\\Desktop\\SIT\\y1tri3\\CSC1106\\Ci4-project\\app\\Models\\NewsModel.php')
 2 SYSTEMPATH\Autoloader\Autoloader.php(267): CodeIgniter\Autoloader\Autoloader->loadInNamespace('App\\Models\\NewsModel')
 3 [internal function]: CodeIgniter\Autoloader\Autoloader->loadClass('App\\Models\\NewsModel')
 4 SYSTEMPATH\Config\Factories.php(155): class_exists('App\\Models\\NewsModel')
 5 SYSTEMPATH\Config\Factories.php(125): CodeIgniter\Config\Factories::locateClass([...], 'App\\Models\\NewsModel')
 6 SYSTEMPATH\Config\Factories.php(86): CodeIgniter\Config\Factories::__callStatic('models', [...])
 7 SYSTEMPATH\Common.php(829): CodeIgniter\Config\Factories::models('App\\Models\\NewsModel', [...], null)
 8 APPPATH\Controllers\News.php(12): model('App\\Models\\NewsModel')
 9 SYSTEMPATH\CodeIgniter.php(934): App\Controllers\News->index()
10 SYSTEMPATH\CodeIgniter.php(499): CodeIgniter\CodeIgniter->runController(Object(App\Controllers\News))
11 SYSTEMPATH\CodeIgniter.php(368): CodeIgniter\CodeIgniter->handleRequest(null, Object(Config\Cache), false)
12 FCPATH\index.php(67): CodeIgniter\CodeIgniter->run()
13 SYSTEMPATH\Commands\Server\rewrite.php(47): require_once('C:\\Users\\lowre\\Desktop\\SIT\\y1tri3\\CSC1106\\Ci4-project\\public\\index.php')
CRITICAL - 2023-05-15 10:28:31 --> syntax error, unexpected token "public", expecting end of file
in APPPATH\Models\NewsModel.php on line 12.
 1 SYSTEMPATH\Autoloader\Autoloader.php(289): CodeIgniter\Autoloader\Autoloader->includeFile('C:\\Users\\lowre\\Desktop\\SIT\\y1tri3\\CSC1106\\Ci4-project\\app\\Models\\NewsModel.php')
 2 SYSTEMPATH\Autoloader\Autoloader.php(267): CodeIgniter\Autoloader\Autoloader->loadInNamespace('App\\Models\\NewsModel')
 3 [internal function]: CodeIgniter\Autoloader\Autoloader->loadClass('App\\Models\\NewsModel')
 4 SYSTEMPATH\Config\Factories.php(155): class_exists('App\\Models\\NewsModel')
 5 SYSTEMPATH\Config\Factories.php(125): CodeIgniter\Config\Factories::locateClass([...], 'App\\Models\\NewsModel')
 6 SYSTEMPATH\Config\Factories.php(86): CodeIgniter\Config\Factories::__callStatic('models', [...])
 7 SYSTEMPATH\Common.php(829): CodeIgniter\Config\Factories::models('App\\Models\\NewsModel', [...], null)
 8 APPPATH\Controllers\News.php(12): model('App\\Models\\NewsModel')
 9 SYSTEMPATH\CodeIgniter.php(934): App\Controllers\News->index()
10 SYSTEMPATH\CodeIgniter.php(499): CodeIgniter\CodeIgniter->runController(Object(App\Controllers\News))
11 SYSTEMPATH\CodeIgniter.php(368): CodeIgniter\CodeIgniter->handleRequest(null, Object(Config\Cache), false)
12 FCPATH\index.php(67): CodeIgniter\CodeIgniter->run()
13 SYSTEMPATH\Commands\Server\rewrite.php(47): require_once('C:\\Users\\lowre\\Desktop\\SIT\\y1tri3\\CSC1106\\Ci4-project\\public\\index.php')
CRITICAL - 2023-05-15 10:28:32 --> syntax error, unexpected token "public", expecting end of file
in APPPATH\Models\NewsModel.php on line 12.
 1 SYSTEMPATH\Autoloader\Autoloader.php(289): CodeIgniter\Autoloader\Autoloader->includeFile('C:\\Users\\lowre\\Desktop\\SIT\\y1tri3\\CSC1106\\Ci4-project\\app\\Models\\NewsModel.php')
 2 SYSTEMPATH\Autoloader\Autoloader.php(267): CodeIgniter\Autoloader\Autoloader->loadInNamespace('App\\Models\\NewsModel')
 3 [internal function]: CodeIgniter\Autoloader\Autoloader->loadClass('App\\Models\\NewsModel')
 4 SYSTEMPATH\Config\Factories.php(155): class_exists('App\\Models\\NewsModel')
 5 SYSTEMPATH\Config\Factories.php(125): CodeIgniter\Config\Factories::locateClass([...], 'App\\Models\\NewsModel')
 6 SYSTEMPATH\Config\Factories.php(86): CodeIgniter\Config\Factories::__callStatic('models', [...])
 7 SYSTEMPATH\Common.php(829): CodeIgniter\Config\Factories::models('App\\Models\\NewsModel', [...], null)
 8 APPPATH\Controllers\News.php(12): model('App\\Models\\NewsModel')
 9 SYSTEMPATH\CodeIgniter.php(934): App\Controllers\News->index()
10 SYSTEMPATH\CodeIgniter.php(499): CodeIgniter\CodeIgniter->runController(Object(App\Controllers\News))
11 SYSTEMPATH\CodeIgniter.php(368): CodeIgniter\CodeIgniter->handleRequest(null, Object(Config\Cache), false)
12 FCPATH\index.php(67): CodeIgniter\CodeIgniter->run()
13 SYSTEMPATH\Commands\Server\rewrite.php(47): require_once('C:\\Users\\lowre\\Desktop\\SIT\\y1tri3\\CSC1106\\Ci4-project\\public\\index.php')
CRITICAL - 2023-05-15 10:30:43 --> syntax error, unexpected token "public", expecting end of file
in APPPATH\Models\NewsModel.php on line 12.
 1 SYSTEMPATH\Autoloader\Autoloader.php(289): CodeIgniter\Autoloader\Autoloader->includeFile('C:\\Users\\lowre\\Desktop\\SIT\\y1tri3\\CSC1106\\Ci4-project\\app\\Models\\NewsModel.php')
 2 SYSTEMPATH\Autoloader\Autoloader.php(267): CodeIgniter\Autoloader\Autoloader->loadInNamespace('App\\Models\\NewsModel')
 3 [internal function]: CodeIgniter\Autoloader\Autoloader->loadClass('App\\Models\\NewsModel')
 4 SYSTEMPATH\Config\Factories.php(155): class_exists('App\\Models\\NewsModel')
 5 SYSTEMPATH\Config\Factories.php(125): CodeIgniter\Config\Factories::locateClass([...], 'App\\Models\\NewsModel')
 6 SYSTEMPATH\Config\Factories.php(86): CodeIgniter\Config\Factories::__callStatic('models', [...])
 7 SYSTEMPATH\Common.php(829): CodeIgniter\Config\Factories::models('App\\Models\\NewsModel', [...], null)
 8 APPPATH\Controllers\News.php(12): model('App\\Models\\NewsModel')
 9 SYSTEMPATH\CodeIgniter.php(934): App\Controllers\News->index()
10 SYSTEMPATH\CodeIgniter.php(499): CodeIgniter\CodeIgniter->runController(Object(App\Controllers\News))
11 SYSTEMPATH\CodeIgniter.php(368): CodeIgniter\CodeIgniter->handleRequest(null, Object(Config\Cache), false)
12 FCPATH\index.php(67): CodeIgniter\CodeIgniter->run()
13 SYSTEMPATH\Commands\Server\rewrite.php(47): require_once('C:\\Users\\lowre\\Desktop\\SIT\\y1tri3\\CSC1106\\Ci4-project\\public\\index.php')
CRITICAL - 2023-05-15 10:30:44 --> syntax error, unexpected token "public", expecting end of file
in APPPATH\Models\NewsModel.php on line 12.
 1 SYSTEMPATH\Autoloader\Autoloader.php(289): CodeIgniter\Autoloader\Autoloader->includeFile('C:\\Users\\lowre\\Desktop\\SIT\\y1tri3\\CSC1106\\Ci4-project\\app\\Models\\NewsModel.php')
 2 SYSTEMPATH\Autoloader\Autoloader.php(267): CodeIgniter\Autoloader\Autoloader->loadInNamespace('App\\Models\\NewsModel')
 3 [internal function]: CodeIgniter\Autoloader\Autoloader->loadClass('App\\Models\\NewsModel')
 4 SYSTEMPATH\Config\Factories.php(155): class_exists('App\\Models\\NewsModel')
 5 SYSTEMPATH\Config\Factories.php(125): CodeIgniter\Config\Factories::locateClass([...], 'App\\Models\\NewsModel')
 6 SYSTEMPATH\Config\Factories.php(86): CodeIgniter\Config\Factories::__callStatic('models', [...])
 7 SYSTEMPATH\Common.php(829): CodeIgniter\Config\Factories::models('App\\Models\\NewsModel', [...], null)
 8 APPPATH\Controllers\News.php(12): model('App\\Models\\NewsModel')
 9 SYSTEMPATH\CodeIgniter.php(934): App\Controllers\News->index()
10 SYSTEMPATH\CodeIgniter.php(499): CodeIgniter\CodeIgniter->runController(Object(App\Controllers\News))
11 SYSTEMPATH\CodeIgniter.php(368): CodeIgniter\CodeIgniter->handleRequest(null, Object(Config\Cache), false)
12 FCPATH\index.php(67): CodeIgniter\CodeIgniter->run()
13 SYSTEMPATH\Commands\Server\rewrite.php(47): require_once('C:\\Users\\lowre\\Desktop\\SIT\\y1tri3\\CSC1106\\Ci4-project\\public\\index.php')
CRITICAL - 2023-05-15 10:35:18 --> syntax error, unexpected token "public", expecting end of file
in APPPATH\Models\NewsModel.php on line 12.
 1 SYSTEMPATH\Autoloader\Autoloader.php(289): CodeIgniter\Autoloader\Autoloader->includeFile('C:\\Users\\lowre\\Desktop\\SIT\\y1tri3\\CSC1106\\Ci4-project\\app\\Models\\NewsModel.php')
 2 SYSTEMPATH\Autoloader\Autoloader.php(267): CodeIgniter\Autoloader\Autoloader->loadInNamespace('App\\Models\\NewsModel')
 3 [internal function]: CodeIgniter\Autoloader\Autoloader->loadClass('App\\Models\\NewsModel')
 4 SYSTEMPATH\Config\Factories.php(155): class_exists('App\\Models\\NewsModel')
 5 SYSTEMPATH\Config\Factories.php(125): CodeIgniter\Config\Factories::locateClass([...], 'App\\Models\\NewsModel')
 6 SYSTEMPATH\Config\Factories.php(86): CodeIgniter\Config\Factories::__callStatic('models', [...])
 7 SYSTEMPATH\Common.php(829): CodeIgniter\Config\Factories::models('App\\Models\\NewsModel', [...], null)
 8 APPPATH\Controllers\News.php(12): model('App\\Models\\NewsModel')
 9 SYSTEMPATH\CodeIgniter.php(934): App\Controllers\News->index()
10 SYSTEMPATH\CodeIgniter.php(499): CodeIgniter\CodeIgniter->runController(Object(App\Controllers\News))
11 SYSTEMPATH\CodeIgniter.php(368): CodeIgniter\CodeIgniter->handleRequest(null, Object(Config\Cache), false)
12 FCPATH\index.php(67): CodeIgniter\CodeIgniter->run()
13 SYSTEMPATH\Commands\Server\rewrite.php(47): require_once('C:\\Users\\lowre\\Desktop\\SIT\\y1tri3\\CSC1106\\Ci4-project\\public\\index.php')
CRITICAL - 2023-05-15 10:35:40 --> syntax error, unexpected token "public", expecting end of file
in APPPATH\Models\NewsModel.php on line 12.
 1 SYSTEMPATH\Autoloader\Autoloader.php(289): CodeIgniter\Autoloader\Autoloader->includeFile('C:\\Users\\lowre\\Desktop\\SIT\\y1tri3\\CSC1106\\Ci4-project\\app\\Models\\NewsModel.php')
 2 SYSTEMPATH\Autoloader\Autoloader.php(267): CodeIgniter\Autoloader\Autoloader->loadInNamespace('App\\Models\\NewsModel')
 3 [internal function]: CodeIgniter\Autoloader\Autoloader->loadClass('App\\Models\\NewsModel')
 4 SYSTEMPATH\Config\Factories.php(155): class_exists('App\\Models\\NewsModel')
 5 SYSTEMPATH\Config\Factories.php(125): CodeIgniter\Config\Factories::locateClass([...], 'App\\Models\\NewsModel')
 6 SYSTEMPATH\Config\Factories.php(86): CodeIgniter\Config\Factories::__callStatic('models', [...])
 7 SYSTEMPATH\Common.php(829): CodeIgniter\Config\Factories::models('App\\Models\\NewsModel', [...], null)
 8 APPPATH\Controllers\News.php(12): model('App\\Models\\NewsModel')
 9 SYSTEMPATH\CodeIgniter.php(934): App\Controllers\News->index()
10 SYSTEMPATH\CodeIgniter.php(499): CodeIgniter\CodeIgniter->runController(Object(App\Controllers\News))
11 SYSTEMPATH\CodeIgniter.php(368): CodeIgniter\CodeIgniter->handleRequest(null, Object(Config\Cache), false)
12 FCPATH\index.php(67): CodeIgniter\CodeIgniter->run()
13 SYSTEMPATH\Commands\Server\rewrite.php(47): require_once('C:\\Users\\lowre\\Desktop\\SIT\\y1tri3\\CSC1106\\Ci4-project\\public\\index.php')
CRITICAL - 2023-05-15 10:37:21 --> syntax error, unexpected token "public", expecting end of file
in APPPATH\Models\NewsModel.php on line 12.
 1 SYSTEMPATH\Autoloader\Autoloader.php(289): CodeIgniter\Autoloader\Autoloader->includeFile('C:\\Users\\lowre\\Desktop\\SIT\\y1tri3\\CSC1106\\Ci4-project\\app\\Models\\NewsModel.php')
 2 SYSTEMPATH\Autoloader\Autoloader.php(267): CodeIgniter\Autoloader\Autoloader->loadInNamespace('App\\Models\\NewsModel')
 3 [internal function]: CodeIgniter\Autoloader\Autoloader->loadClass('App\\Models\\NewsModel')
 4 SYSTEMPATH\Config\Factories.php(155): class_exists('App\\Models\\NewsModel')
 5 SYSTEMPATH\Config\Factories.php(125): CodeIgniter\Config\Factories::locateClass([...], 'App\\Models\\NewsModel')
 6 SYSTEMPATH\Config\Factories.php(86): CodeIgniter\Config\Factories::__callStatic('models', [...])
 7 SYSTEMPATH\Common.php(829): CodeIgniter\Config\Factories::models('App\\Models\\NewsModel', [...], null)
 8 APPPATH\Controllers\News.php(12): model('App\\Models\\NewsModel')
 9 SYSTEMPATH\CodeIgniter.php(934): App\Controllers\News->index()
10 SYSTEMPATH\CodeIgniter.php(499): CodeIgniter\CodeIgniter->runController(Object(App\Controllers\News))
11 SYSTEMPATH\CodeIgniter.php(368): CodeIgniter\CodeIgniter->handleRequest(null, Object(Config\Cache), false)
12 FCPATH\index.php(67): CodeIgniter\CodeIgniter->run()
13 SYSTEMPATH\Commands\Server\rewrite.php(47): require_once('C:\\Users\\lowre\\Desktop\\SIT\\y1tri3\\CSC1106\\Ci4-project\\public\\index.php')
CRITICAL - 2023-05-15 10:37:36 --> syntax error, unexpected token "public", expecting end of file
in APPPATH\Models\NewsModel.php on line 12.
 1 SYSTEMPATH\Autoloader\Autoloader.php(289): CodeIgniter\Autoloader\Autoloader->includeFile('C:\\Users\\lowre\\Desktop\\SIT\\y1tri3\\CSC1106\\Ci4-project\\app\\Models\\NewsModel.php')
 2 SYSTEMPATH\Autoloader\Autoloader.php(267): CodeIgniter\Autoloader\Autoloader->loadInNamespace('App\\Models\\NewsModel')
 3 [internal function]: CodeIgniter\Autoloader\Autoloader->loadClass('App\\Models\\NewsModel')
 4 SYSTEMPATH\Config\Factories.php(155): class_exists('App\\Models\\NewsModel')
 5 SYSTEMPATH\Config\Factories.php(125): CodeIgniter\Config\Factories::locateClass([...], 'App\\Models\\NewsModel')
 6 SYSTEMPATH\Config\Factories.php(86): CodeIgniter\Config\Factories::__callStatic('models', [...])
 7 SYSTEMPATH\Common.php(829): CodeIgniter\Config\Factories::models('App\\Models\\NewsModel', [...], null)
 8 APPPATH\Controllers\News.php(12): model('App\\Models\\NewsModel')
 9 SYSTEMPATH\CodeIgniter.php(934): App\Controllers\News->index()
10 SYSTEMPATH\CodeIgniter.php(499): CodeIgniter\CodeIgniter->runController(Object(App\Controllers\News))
11 SYSTEMPATH\CodeIgniter.php(368): CodeIgniter\CodeIgniter->handleRequest(null, Object(Config\Cache), false)
12 FCPATH\index.php(67): CodeIgniter\CodeIgniter->run()
13 SYSTEMPATH\Commands\Server\rewrite.php(47): require_once('C:\\Users\\lowre\\Desktop\\SIT\\y1tri3\\CSC1106\\Ci4-project\\public\\index.php')
CRITICAL - 2023-05-15 10:37:36 --> syntax error, unexpected token "public", expecting end of file
in APPPATH\Models\NewsModel.php on line 12.
 1 SYSTEMPATH\Autoloader\Autoloader.php(289): CodeIgniter\Autoloader\Autoloader->includeFile('C:\\Users\\lowre\\Desktop\\SIT\\y1tri3\\CSC1106\\Ci4-project\\app\\Models\\NewsModel.php')
 2 SYSTEMPATH\Autoloader\Autoloader.php(267): CodeIgniter\Autoloader\Autoloader->loadInNamespace('App\\Models\\NewsModel')
 3 [internal function]: CodeIgniter\Autoloader\Autoloader->loadClass('App\\Models\\NewsModel')
 4 SYSTEMPATH\Config\Factories.php(155): class_exists('App\\Models\\NewsModel')
 5 SYSTEMPATH\Config\Factories.php(125): CodeIgniter\Config\Factories::locateClass([...], 'App\\Models\\NewsModel')
 6 SYSTEMPATH\Config\Factories.php(86): CodeIgniter\Config\Factories::__callStatic('models', [...])
 7 SYSTEMPATH\Common.php(829): CodeIgniter\Config\Factories::models('App\\Models\\NewsModel', [...], null)
 8 APPPATH\Controllers\News.php(12): model('App\\Models\\NewsModel')
 9 SYSTEMPATH\CodeIgniter.php(934): App\Controllers\News->index()
10 SYSTEMPATH\CodeIgniter.php(499): CodeIgniter\CodeIgniter->runController(Object(App\Controllers\News))
11 SYSTEMPATH\CodeIgniter.php(368): CodeIgniter\CodeIgniter->handleRequest(null, Object(Config\Cache), false)
12 FCPATH\index.php(67): CodeIgniter\CodeIgniter->run()
13 SYSTEMPATH\Commands\Server\rewrite.php(47): require_once('C:\\Users\\lowre\\Desktop\\SIT\\y1tri3\\CSC1106\\Ci4-project\\public\\index.php')
CRITICAL - 2023-05-15 12:19:09 --> syntax error, unexpected token "public", expecting end of file
in APPPATH\Models\NewsModel.php on line 12.
 1 SYSTEMPATH\Autoloader\Autoloader.php(289): CodeIgniter\Autoloader\Autoloader->includeFile('C:\\Users\\lowre\\Desktop\\SIT\\y1tri3\\CSC1106\\Ci4-project\\app\\Models\\NewsModel.php')
 2 SYSTEMPATH\Autoloader\Autoloader.php(267): CodeIgniter\Autoloader\Autoloader->loadInNamespace('App\\Models\\NewsModel')
 3 [internal function]: CodeIgniter\Autoloader\Autoloader->loadClass('App\\Models\\NewsModel')
 4 SYSTEMPATH\Config\Factories.php(155): class_exists('App\\Models\\NewsModel')
 5 SYSTEMPATH\Config\Factories.php(125): CodeIgniter\Config\Factories::locateClass([...], 'App\\Models\\NewsModel')
 6 SYSTEMPATH\Config\Factories.php(86): CodeIgniter\Config\Factories::__callStatic('models', [...])
 7 SYSTEMPATH\Common.php(829): CodeIgniter\Config\Factories::models('App\\Models\\NewsModel', [...], null)
 8 APPPATH\Controllers\News.php(12): model('App\\Models\\NewsModel')
 9 SYSTEMPATH\CodeIgniter.php(934): App\Controllers\News->index()
10 SYSTEMPATH\CodeIgniter.php(499): CodeIgniter\CodeIgniter->runController(Object(App\Controllers\News))
11 SYSTEMPATH\CodeIgniter.php(368): CodeIgniter\CodeIgniter->handleRequest(null, Object(Config\Cache), false)
12 FCPATH\index.php(67): CodeIgniter\CodeIgniter->run()
13 SYSTEMPATH\Commands\Server\rewrite.php(47): require_once('C:\\Users\\lowre\\Desktop\\SIT\\y1tri3\\CSC1106\\Ci4-project\\public\\index.php')
CRITICAL - 2023-05-15 12:26:05 --> syntax error, unexpected token "public", expecting end of file
in APPPATH\Models\NewsModel.php on line 12.
 1 SYSTEMPATH\Autoloader\Autoloader.php(289): CodeIgniter\Autoloader\Autoloader->includeFile('C:\\Users\\lowre\\Desktop\\SIT\\y1tri3\\CSC1106\\Ci4-project\\app\\Models\\NewsModel.php')
 2 SYSTEMPATH\Autoloader\Autoloader.php(267): CodeIgniter\Autoloader\Autoloader->loadInNamespace('App\\Models\\NewsModel')
 3 [internal function]: CodeIgniter\Autoloader\Autoloader->loadClass('App\\Models\\NewsModel')
 4 SYSTEMPATH\Config\Factories.php(155): class_exists('App\\Models\\NewsModel')
 5 SYSTEMPATH\Config\Factories.php(125): CodeIgniter\Config\Factories::locateClass([...], 'App\\Models\\NewsModel')
 6 SYSTEMPATH\Config\Factories.php(86): CodeIgniter\Config\Factories::__callStatic('models', [...])
 7 SYSTEMPATH\Common.php(829): CodeIgniter\Config\Factories::models('App\\Models\\NewsModel', [...], null)
 8 APPPATH\Controllers\News.php(12): model('App\\Models\\NewsModel')
 9 SYSTEMPATH\CodeIgniter.php(934): App\Controllers\News->index()
10 SYSTEMPATH\CodeIgniter.php(499): CodeIgniter\CodeIgniter->runController(Object(App\Controllers\News))
11 SYSTEMPATH\CodeIgniter.php(368): CodeIgniter\CodeIgniter->handleRequest(null, Object(Config\Cache), false)
12 FCPATH\index.php(67): CodeIgniter\CodeIgniter->run()
13 SYSTEMPATH\Commands\Server\rewrite.php(47): require_once('C:\\Users\\lowre\\Desktop\\SIT\\y1tri3\\CSC1106\\Ci4-project\\public\\index.php')
CRITICAL - 2023-05-15 12:26:06 --> syntax error, unexpected token "public", expecting end of file
in APPPATH\Models\NewsModel.php on line 12.
 1 SYSTEMPATH\Autoloader\Autoloader.php(289): CodeIgniter\Autoloader\Autoloader->includeFile('C:\\Users\\lowre\\Desktop\\SIT\\y1tri3\\CSC1106\\Ci4-project\\app\\Models\\NewsModel.php')
 2 SYSTEMPATH\Autoloader\Autoloader.php(267): CodeIgniter\Autoloader\Autoloader->loadInNamespace('App\\Models\\NewsModel')
 3 [internal function]: CodeIgniter\Autoloader\Autoloader->loadClass('App\\Models\\NewsModel')
 4 SYSTEMPATH\Config\Factories.php(155): class_exists('App\\Models\\NewsModel')
 5 SYSTEMPATH\Config\Factories.php(125): CodeIgniter\Config\Factories::locateClass([...], 'App\\Models\\NewsModel')
 6 SYSTEMPATH\Config\Factories.php(86): CodeIgniter\Config\Factories::__callStatic('models', [...])
 7 SYSTEMPATH\Common.php(829): CodeIgniter\Config\Factories::models('App\\Models\\NewsModel', [...], null)
 8 APPPATH\Controllers\News.php(12): model('App\\Models\\NewsModel')
 9 SYSTEMPATH\CodeIgniter.php(934): App\Controllers\News->index()
10 SYSTEMPATH\CodeIgniter.php(499): CodeIgniter\CodeIgniter->runController(Object(App\Controllers\News))
11 SYSTEMPATH\CodeIgniter.php(368): CodeIgniter\CodeIgniter->handleRequest(null, Object(Config\Cache), false)
12 FCPATH\index.php(67): CodeIgniter\CodeIgniter->run()
13 SYSTEMPATH\Commands\Server\rewrite.php(47): require_once('C:\\Users\\lowre\\Desktop\\SIT\\y1tri3\\CSC1106\\Ci4-project\\public\\index.php')
CRITICAL - 2023-05-15 12:26:49 --> syntax error, unexpected token "public", expecting end of file
in APPPATH\Models\NewsModel.php on line 12.
 1 SYSTEMPATH\Autoloader\Autoloader.php(289): CodeIgniter\Autoloader\Autoloader->includeFile('C:\\Users\\lowre\\Desktop\\SIT\\y1tri3\\CSC1106\\Ci4-project\\app\\Models\\NewsModel.php')
 2 SYSTEMPATH\Autoloader\Autoloader.php(267): CodeIgniter\Autoloader\Autoloader->loadInNamespace('App\\Models\\NewsModel')
 3 [internal function]: CodeIgniter\Autoloader\Autoloader->loadClass('App\\Models\\NewsModel')
 4 SYSTEMPATH\Config\Factories.php(155): class_exists('App\\Models\\NewsModel')
 5 SYSTEMPATH\Config\Factories.php(125): CodeIgniter\Config\Factories::locateClass([...], 'App\\Models\\NewsModel')
 6 SYSTEMPATH\Config\Factories.php(86): CodeIgniter\Config\Factories::__callStatic('models', [...])
 7 SYSTEMPATH\Common.php(829): CodeIgniter\Config\Factories::models('App\\Models\\NewsModel', [...], null)
 8 APPPATH\Controllers\News.php(12): model('App\\Models\\NewsModel')
 9 SYSTEMPATH\CodeIgniter.php(934): App\Controllers\News->index()
10 SYSTEMPATH\CodeIgniter.php(499): CodeIgniter\CodeIgniter->runController(Object(App\Controllers\News))
11 SYSTEMPATH\CodeIgniter.php(368): CodeIgniter\CodeIgniter->handleRequest(null, Object(Config\Cache), false)
12 FCPATH\index.php(67): CodeIgniter\CodeIgniter->run()
13 SYSTEMPATH\Commands\Server\rewrite.php(47): require_once('C:\\Users\\lowre\\Desktop\\SIT\\y1tri3\\CSC1106\\Ci4-project\\public\\index.php')
CRITICAL - 2023-05-15 12:26:50 --> syntax error, unexpected token "public", expecting end of file
in APPPATH\Models\NewsModel.php on line 12.
 1 SYSTEMPATH\Autoloader\Autoloader.php(289): CodeIgniter\Autoloader\Autoloader->includeFile('C:\\Users\\lowre\\Desktop\\SIT\\y1tri3\\CSC1106\\Ci4-project\\app\\Models\\NewsModel.php')
 2 SYSTEMPATH\Autoloader\Autoloader.php(267): CodeIgniter\Autoloader\Autoloader->loadInNamespace('App\\Models\\NewsModel')
 3 [internal function]: CodeIgniter\Autoloader\Autoloader->loadClass('App\\Models\\NewsModel')
 4 SYSTEMPATH\Config\Factories.php(155): class_exists('App\\Models\\NewsModel')
 5 SYSTEMPATH\Config\Factories.php(125): CodeIgniter\Config\Factories::locateClass([...], 'App\\Models\\NewsModel')
 6 SYSTEMPATH\Config\Factories.php(86): CodeIgniter\Config\Factories::__callStatic('models', [...])
 7 SYSTEMPATH\Common.php(829): CodeIgniter\Config\Factories::models('App\\Models\\NewsModel', [...], null)
 8 APPPATH\Controllers\News.php(12): model('App\\Models\\NewsModel')
 9 SYSTEMPATH\CodeIgniter.php(934): App\Controllers\News->index()
10 SYSTEMPATH\CodeIgniter.php(499): CodeIgniter\CodeIgniter->runController(Object(App\Controllers\News))
11 SYSTEMPATH\CodeIgniter.php(368): CodeIgniter\CodeIgniter->handleRequest(null, Object(Config\Cache), false)
12 FCPATH\index.php(67): CodeIgniter\CodeIgniter->run()
13 SYSTEMPATH\Commands\Server\rewrite.php(47): require_once('C:\\Users\\lowre\\Desktop\\SIT\\y1tri3\\CSC1106\\Ci4-project\\public\\index.php')
CRITICAL - 2023-05-15 12:30:13 --> syntax error, unexpected token "public", expecting end of file
in APPPATH\Models\NewsModel.php on line 12.
 1 SYSTEMPATH\Autoloader\Autoloader.php(289): CodeIgniter\Autoloader\Autoloader->includeFile('C:\\Users\\lowre\\Desktop\\SIT\\y1tri3\\CSC1106\\Ci4-project\\app\\Models\\NewsModel.php')
 2 SYSTEMPATH\Autoloader\Autoloader.php(267): CodeIgniter\Autoloader\Autoloader->loadInNamespace('App\\Models\\NewsModel')
 3 [internal function]: CodeIgniter\Autoloader\Autoloader->loadClass('App\\Models\\NewsModel')
 4 SYSTEMPATH\Config\Factories.php(155): class_exists('App\\Models\\NewsModel')
 5 SYSTEMPATH\Config\Factories.php(125): CodeIgniter\Config\Factories::locateClass([...], 'App\\Models\\NewsModel')
 6 SYSTEMPATH\Config\Factories.php(86): CodeIgniter\Config\Factories::__callStatic('models', [...])
 7 SYSTEMPATH\Common.php(829): CodeIgniter\Config\Factories::models('App\\Models\\NewsModel', [...], null)
 8 APPPATH\Controllers\News.php(12): model('App\\Models\\NewsModel')
 9 SYSTEMPATH\CodeIgniter.php(934): App\Controllers\News->index()
10 SYSTEMPATH\CodeIgniter.php(499): CodeIgniter\CodeIgniter->runController(Object(App\Controllers\News))
11 SYSTEMPATH\CodeIgniter.php(368): CodeIgniter\CodeIgniter->handleRequest(null, Object(Config\Cache), false)
12 FCPATH\index.php(67): CodeIgniter\CodeIgniter->run()
13 SYSTEMPATH\Commands\Server\rewrite.php(47): require_once('C:\\Users\\lowre\\Desktop\\SIT\\y1tri3\\CSC1106\\Ci4-project\\public\\index.php')
CRITICAL - 2023-05-15 12:30:18 --> syntax error, unexpected token "public", expecting end of file
in APPPATH\Models\NewsModel.php on line 12.
 1 SYSTEMPATH\Autoloader\Autoloader.php(289): CodeIgniter\Autoloader\Autoloader->includeFile('C:\\Users\\lowre\\Desktop\\SIT\\y1tri3\\CSC1106\\Ci4-project\\app\\Models\\NewsModel.php')
 2 SYSTEMPATH\Autoloader\Autoloader.php(267): CodeIgniter\Autoloader\Autoloader->loadInNamespace('App\\Models\\NewsModel')
 3 [internal function]: CodeIgniter\Autoloader\Autoloader->loadClass('App\\Models\\NewsModel')
 4 SYSTEMPATH\Config\Factories.php(155): class_exists('App\\Models\\NewsModel')
 5 SYSTEMPATH\Config\Factories.php(125): CodeIgniter\Config\Factories::locateClass([...], 'App\\Models\\NewsModel')
 6 SYSTEMPATH\Config\Factories.php(86): CodeIgniter\Config\Factories::__callStatic('models', [...])
 7 SYSTEMPATH\Common.php(829): CodeIgniter\Config\Factories::models('App\\Models\\NewsModel', [...], null)
 8 APPPATH\Controllers\News.php(12): model('App\\Models\\NewsModel')
 9 SYSTEMPATH\CodeIgniter.php(934): App\Controllers\News->index()
10 SYSTEMPATH\CodeIgniter.php(499): CodeIgniter\CodeIgniter->runController(Object(App\Controllers\News))
11 SYSTEMPATH\CodeIgniter.php(368): CodeIgniter\CodeIgniter->handleRequest(null, Object(Config\Cache), false)
12 FCPATH\index.php(67): CodeIgniter\CodeIgniter->run()
13 SYSTEMPATH\Commands\Server\rewrite.php(47): require_once('C:\\Users\\lowre\\Desktop\\SIT\\y1tri3\\CSC1106\\Ci4-project\\public\\index.php')
CRITICAL - 2023-05-15 12:30:44 --> syntax error, unexpected token "public", expecting end of file
in APPPATH\Models\NewsModel.php on line 12.
 1 SYSTEMPATH\Autoloader\Autoloader.php(289): CodeIgniter\Autoloader\Autoloader->includeFile('C:\\Users\\lowre\\Desktop\\SIT\\y1tri3\\CSC1106\\Ci4-project\\app\\Models\\NewsModel.php')
 2 SYSTEMPATH\Autoloader\Autoloader.php(267): CodeIgniter\Autoloader\Autoloader->loadInNamespace('App\\Models\\NewsModel')
 3 [internal function]: CodeIgniter\Autoloader\Autoloader->loadClass('App\\Models\\NewsModel')
 4 SYSTEMPATH\Config\Factories.php(155): class_exists('App\\Models\\NewsModel')
 5 SYSTEMPATH\Config\Factories.php(125): CodeIgniter\Config\Factories::locateClass([...], 'App\\Models\\NewsModel')
 6 SYSTEMPATH\Config\Factories.php(86): CodeIgniter\Config\Factories::__callStatic('models', [...])
 7 SYSTEMPATH\Common.php(829): CodeIgniter\Config\Factories::models('App\\Models\\NewsModel', [...], null)
 8 APPPATH\Controllers\News.php(26): model('App\\Models\\NewsModel')
 9 SYSTEMPATH\CodeIgniter.php(934): App\Controllers\News->view('view')
10 SYSTEMPATH\CodeIgniter.php(499): CodeIgniter\CodeIgniter->runController(Object(App\Controllers\News))
11 SYSTEMPATH\CodeIgniter.php(368): CodeIgniter\CodeIgniter->handleRequest(null, Object(Config\Cache), false)
12 FCPATH\index.php(67): CodeIgniter\CodeIgniter->run()
13 SYSTEMPATH\Commands\Server\rewrite.php(47): require_once('C:\\Users\\lowre\\Desktop\\SIT\\y1tri3\\CSC1106\\Ci4-project\\public\\index.php')
CRITICAL - 2023-05-15 12:30:57 --> syntax error, unexpected token "public", expecting end of file
in APPPATH\Models\NewsModel.php on line 12.
 1 SYSTEMPATH\Autoloader\Autoloader.php(289): CodeIgniter\Autoloader\Autoloader->includeFile('C:\\Users\\lowre\\Desktop\\SIT\\y1tri3\\CSC1106\\Ci4-project\\app\\Models\\NewsModel.php')
 2 SYSTEMPATH\Autoloader\Autoloader.php(267): CodeIgniter\Autoloader\Autoloader->loadInNamespace('App\\Models\\NewsModel')
 3 [internal function]: CodeIgniter\Autoloader\Autoloader->loadClass('App\\Models\\NewsModel')
 4 SYSTEMPATH\Config\Factories.php(155): class_exists('App\\Models\\NewsModel')
 5 SYSTEMPATH\Config\Factories.php(125): CodeIgniter\Config\Factories::locateClass([...], 'App\\Models\\NewsModel')
 6 SYSTEMPATH\Config\Factories.php(86): CodeIgniter\Config\Factories::__callStatic('models', [...])
 7 SYSTEMPATH\Common.php(829): CodeIgniter\Config\Factories::models('App\\Models\\NewsModel', [...], null)
 8 APPPATH\Controllers\News.php(26): model('App\\Models\\NewsModel')
 9 SYSTEMPATH\CodeIgniter.php(934): App\Controllers\News->view('index')
10 SYSTEMPATH\CodeIgniter.php(499): CodeIgniter\CodeIgniter->runController(Object(App\Controllers\News))
11 SYSTEMPATH\CodeIgniter.php(368): CodeIgniter\CodeIgniter->handleRequest(null, Object(Config\Cache), false)
12 FCPATH\index.php(67): CodeIgniter\CodeIgniter->run()
13 SYSTEMPATH\Commands\Server\rewrite.php(47): require_once('C:\\Users\\lowre\\Desktop\\SIT\\y1tri3\\CSC1106\\Ci4-project\\public\\index.php')
CRITICAL - 2023-05-15 12:35:12 --> syntax error, unexpected token "public", expecting end of file
in APPPATH\Models\NewsModel.php on line 12.
 1 SYSTEMPATH\Autoloader\Autoloader.php(289): CodeIgniter\Autoloader\Autoloader->includeFile('C:\\Users\\lowre\\Desktop\\SIT\\y1tri3\\CSC1106\\Ci4-project\\app\\Models\\NewsModel.php')
 2 SYSTEMPATH\Autoloader\Autoloader.php(267): CodeIgniter\Autoloader\Autoloader->loadInNamespace('App\\Models\\NewsModel')
 3 [internal function]: CodeIgniter\Autoloader\Autoloader->loadClass('App\\Models\\NewsModel')
 4 SYSTEMPATH\Config\Factories.php(155): class_exists('App\\Models\\NewsModel')
 5 SYSTEMPATH\Config\Factories.php(125): CodeIgniter\Config\Factories::locateClass([...], 'App\\Models\\NewsModel')
 6 SYSTEMPATH\Config\Factories.php(86): CodeIgniter\Config\Factories::__callStatic('models', [...])
 7 SYSTEMPATH\Common.php(829): CodeIgniter\Config\Factories::models('App\\Models\\NewsModel', [...], null)
 8 APPPATH\Controllers\News.php(12): model('App\\Models\\NewsModel')
 9 SYSTEMPATH\CodeIgniter.php(934): App\Controllers\News->index()
10 SYSTEMPATH\CodeIgniter.php(499): CodeIgniter\CodeIgniter->runController(Object(App\Controllers\News))
11 SYSTEMPATH\CodeIgniter.php(368): CodeIgniter\CodeIgniter->handleRequest(null, Object(Config\Cache), false)
12 FCPATH\index.php(67): CodeIgniter\CodeIgniter->run()
13 SYSTEMPATH\Commands\Server\rewrite.php(47): require_once('C:\\Users\\lowre\\Desktop\\SIT\\y1tri3\\CSC1106\\Ci4-project\\public\\index.php')
