ERROR - 2023-05-25 16:44:04 --> Error connecting to the database: mysqli_sql_exception: No connection could be made because the target machine actively refused it in C:\Users\lowre\Desktop\SIT\y1tri3\CSC1106\Ci4-project\system\Database\MySQLi\Connection.php:173
Stack trace:
#0 C:\Users\lowre\Desktop\SIT\y1tri3\CSC1106\Ci4-project\system\Database\MySQLi\Connection.php(173): mysqli->real_connect('localhost', 'root', Object(SensitiveParameterValue), 'codeigniter_db', 3307, '', 0)
#1 C:\Users\lowre\Desktop\SIT\y1tri3\CSC1106\Ci4-project\system\Database\BaseConnection.php(391): CodeIgniter\Database\MySQLi\Connection->connect(false)
#2 C:\Users\lowre\Desktop\SIT\y1tri3\CSC1106\Ci4-project\system\Database\BaseConnection.php(574): CodeIgniter\Database\BaseConnection->initialize()
#3 C:\Users\lowre\Desktop\SIT\y1tri3\CSC1106\Ci4-project\system\Database\BaseBuilder.php(1616): CodeIgniter\Database\BaseConnection->query('SELECT *\nFROM `...', Array, false)
#4 C:\Users\lowre\Desktop\SIT\y1tri3\CSC1106\Ci4-project\system\Model.php(241): CodeIgniter\Database\BaseBuilder->get()
#5 C:\Users\lowre\Desktop\SIT\y1tri3\CSC1106\Ci4-project\system\BaseModel.php(618): CodeIgniter\Model->doFindAll(0, 0)
#6 C:\Users\lowre\Desktop\SIT\y1tri3\CSC1106\Ci4-project\app\Models\EmailModel.php(15): CodeIgniter\BaseModel->findAll()
#7 C:\Users\lowre\Desktop\SIT\y1tri3\CSC1106\Ci4-project\app\Controllers\Email.php(27): App\Models\EmailModel->getEmail(NULL)
#8 C:\Users\lowre\Desktop\SIT\y1tri3\CSC1106\Ci4-project\system\CodeIgniter.php(934): App\Controllers\Email->view()
#9 C:\Users\lowre\Desktop\SIT\y1tri3\CSC1106\Ci4-project\system\CodeIgniter.php(499): CodeIgniter\CodeIgniter->runController(Object(App\Controllers\Email))
#10 C:\Users\lowre\Desktop\SIT\y1tri3\CSC1106\Ci4-project\system\CodeIgniter.php(368): CodeIgniter\CodeIgniter->handleRequest(NULL, Object(Config\Cache), false)
#11 C:\Users\lowre\Desktop\SIT\y1tri3\CSC1106\Ci4-project\public\index.php(67): CodeIgniter\CodeIgniter->run()
#12 C:\Users\lowre\Desktop\SIT\y1tri3\CSC1106\Ci4-project\system\Commands\Server\rewrite.php(47): require_once('C:\\Users\\lowre\\...')
#13 {main}

Next CodeIgniter\Database\Exceptions\DatabaseException: No connection could be made because the target machine actively refused it in C:\Users\lowre\Desktop\SIT\y1tri3\CSC1106\Ci4-project\system\Database\MySQLi\Connection.php:218
Stack trace:
#0 C:\Users\lowre\Desktop\SIT\y1tri3\CSC1106\Ci4-project\system\Database\BaseConnection.php(391): CodeIgniter\Database\MySQLi\Connection->connect(false)
#1 C:\Users\lowre\Desktop\SIT\y1tri3\CSC1106\Ci4-project\system\Database\BaseConnection.php(574): CodeIgniter\Database\BaseConnection->initialize()
#2 C:\Users\lowre\Desktop\SIT\y1tri3\CSC1106\Ci4-project\system\Database\BaseBuilder.php(1616): CodeIgniter\Database\BaseConnection->query('SELECT *\nFROM `...', Array, false)
#3 C:\Users\lowre\Desktop\SIT\y1tri3\CSC1106\Ci4-project\system\Model.php(241): CodeIgniter\Database\BaseBuilder->get()
#4 C:\Users\lowre\Desktop\SIT\y1tri3\CSC1106\Ci4-project\system\BaseModel.php(618): CodeIgniter\Model->doFindAll(0, 0)
#5 C:\Users\lowre\Desktop\SIT\y1tri3\CSC1106\Ci4-project\app\Models\EmailModel.php(15): CodeIgniter\BaseModel->findAll()
#6 C:\Users\lowre\Desktop\SIT\y1tri3\CSC1106\Ci4-project\app\Controllers\Email.php(27): App\Models\EmailModel->getEmail(NULL)
#7 C:\Users\lowre\Desktop\SIT\y1tri3\CSC1106\Ci4-project\system\CodeIgniter.php(934): App\Controllers\Email->view()
#8 C:\Users\lowre\Desktop\SIT\y1tri3\CSC1106\Ci4-project\system\CodeIgniter.php(499): CodeIgniter\CodeIgniter->runController(Object(App\Controllers\Email))
#9 C:\Users\lowre\Desktop\SIT\y1tri3\CSC1106\Ci4-project\system\CodeIgniter.php(368): CodeIgniter\CodeIgniter->handleRequest(NULL, Object(Config\Cache), false)
#10 C:\Users\lowre\Desktop\SIT\y1tri3\CSC1106\Ci4-project\public\index.php(67): CodeIgniter\CodeIgniter->run()
#11 C:\Users\lowre\Desktop\SIT\y1tri3\CSC1106\Ci4-project\system\Commands\Server\rewrite.php(47): require_once('C:\\Users\\lowre\\...')
#12 {main}
CRITICAL - 2023-05-25 16:44:04 --> Unable to connect to the database.
Main connection [MySQLi]: No connection could be made because the target machine actively refused it
in SYSTEMPATH\Database\BaseConnection.php on line 427.
 1 SYSTEMPATH\Database\BaseConnection.php(574): CodeIgniter\Database\BaseConnection->initialize()
 2 SYSTEMPATH\Database\BaseBuilder.php(1616): CodeIgniter\Database\BaseConnection->query('SELECT *
FROM `email`', [], false)
 3 SYSTEMPATH\Model.php(241): CodeIgniter\Database\BaseBuilder->get()
 4 SYSTEMPATH\BaseModel.php(618): CodeIgniter\Model->doFindAll(0, 0)
 5 APPPATH\Models\EmailModel.php(15): CodeIgniter\BaseModel->findAll()
 6 APPPATH\Controllers\Email.php(27): App\Models\EmailModel->getEmail(null)
 7 SYSTEMPATH\CodeIgniter.php(934): App\Controllers\Email->view()
 8 SYSTEMPATH\CodeIgniter.php(499): CodeIgniter\CodeIgniter->runController(Object(App\Controllers\Email))
 9 SYSTEMPATH\CodeIgniter.php(368): CodeIgniter\CodeIgniter->handleRequest(null, Object(Config\Cache), false)
10 FCPATH\index.php(67): CodeIgniter\CodeIgniter->run()
11 SYSTEMPATH\Commands\Server\rewrite.php(47): require_once('C:\\Users\\lowre\\Desktop\\SIT\\y1tri3\\CSC1106\\Ci4-project\\public\\index.php')
ERROR - 2023-05-25 17:03:37 --> Error connecting to the database: mysqli_sql_exception: No connection could be made because the target machine actively refused it in C:\Users\lowre\Desktop\SIT\y1tri3\CSC1106\Ci4-project\system\Database\MySQLi\Connection.php:173
Stack trace:
#0 C:\Users\lowre\Desktop\SIT\y1tri3\CSC1106\Ci4-project\system\Database\MySQLi\Connection.php(173): mysqli->real_connect('localhost', 'root', Object(SensitiveParameterValue), 'codeigniter_db', 3307, '', 0)
#1 C:\Users\lowre\Desktop\SIT\y1tri3\CSC1106\Ci4-project\system\Database\BaseConnection.php(391): CodeIgniter\Database\MySQLi\Connection->connect(false)
#2 C:\Users\lowre\Desktop\SIT\y1tri3\CSC1106\Ci4-project\system\Database\BaseConnection.php(574): CodeIgniter\Database\BaseConnection->initialize()
#3 C:\Users\lowre\Desktop\SIT\y1tri3\CSC1106\Ci4-project\system\Database\BaseBuilder.php(1616): CodeIgniter\Database\BaseConnection->query('SELECT *\nFROM `...', Array, false)
#4 C:\Users\lowre\Desktop\SIT\y1tri3\CSC1106\Ci4-project\system\Model.php(241): CodeIgniter\Database\BaseBuilder->get()
#5 C:\Users\lowre\Desktop\SIT\y1tri3\CSC1106\Ci4-project\system\BaseModel.php(618): CodeIgniter\Model->doFindAll(0, 0)
#6 C:\Users\lowre\Desktop\SIT\y1tri3\CSC1106\Ci4-project\app\Models\EmailModel.php(15): CodeIgniter\BaseModel->findAll()
#7 C:\Users\lowre\Desktop\SIT\y1tri3\CSC1106\Ci4-project\app\Controllers\Email.php(27): App\Models\EmailModel->getEmail(NULL)
#8 C:\Users\lowre\Desktop\SIT\y1tri3\CSC1106\Ci4-project\system\CodeIgniter.php(934): App\Controllers\Email->view()
#9 C:\Users\lowre\Desktop\SIT\y1tri3\CSC1106\Ci4-project\system\CodeIgniter.php(499): CodeIgniter\CodeIgniter->runController(Object(App\Controllers\Email))
#10 C:\Users\lowre\Desktop\SIT\y1tri3\CSC1106\Ci4-project\system\CodeIgniter.php(368): CodeIgniter\CodeIgniter->handleRequest(NULL, Object(Config\Cache), false)
#11 C:\Users\lowre\Desktop\SIT\y1tri3\CSC1106\Ci4-project\public\index.php(67): CodeIgniter\CodeIgniter->run()
#12 C:\Users\lowre\Desktop\SIT\y1tri3\CSC1106\Ci4-project\system\Commands\Server\rewrite.php(47): require_once('C:\\Users\\lowre\\...')
#13 {main}

Next CodeIgniter\Database\Exceptions\DatabaseException: No connection could be made because the target machine actively refused it in C:\Users\lowre\Desktop\SIT\y1tri3\CSC1106\Ci4-project\system\Database\MySQLi\Connection.php:218
Stack trace:
#0 C:\Users\lowre\Desktop\SIT\y1tri3\CSC1106\Ci4-project\system\Database\BaseConnection.php(391): CodeIgniter\Database\MySQLi\Connection->connect(false)
#1 C:\Users\lowre\Desktop\SIT\y1tri3\CSC1106\Ci4-project\system\Database\BaseConnection.php(574): CodeIgniter\Database\BaseConnection->initialize()
#2 C:\Users\lowre\Desktop\SIT\y1tri3\CSC1106\Ci4-project\system\Database\BaseBuilder.php(1616): CodeIgniter\Database\BaseConnection->query('SELECT *\nFROM `...', Array, false)
#3 C:\Users\lowre\Desktop\SIT\y1tri3\CSC1106\Ci4-project\system\Model.php(241): CodeIgniter\Database\BaseBuilder->get()
#4 C:\Users\lowre\Desktop\SIT\y1tri3\CSC1106\Ci4-project\system\BaseModel.php(618): CodeIgniter\Model->doFindAll(0, 0)
#5 C:\Users\lowre\Desktop\SIT\y1tri3\CSC1106\Ci4-project\app\Models\EmailModel.php(15): CodeIgniter\BaseModel->findAll()
#6 C:\Users\lowre\Desktop\SIT\y1tri3\CSC1106\Ci4-project\app\Controllers\Email.php(27): App\Models\EmailModel->getEmail(NULL)
#7 C:\Users\lowre\Desktop\SIT\y1tri3\CSC1106\Ci4-project\system\CodeIgniter.php(934): App\Controllers\Email->view()
#8 C:\Users\lowre\Desktop\SIT\y1tri3\CSC1106\Ci4-project\system\CodeIgniter.php(499): CodeIgniter\CodeIgniter->runController(Object(App\Controllers\Email))
#9 C:\Users\lowre\Desktop\SIT\y1tri3\CSC1106\Ci4-project\system\CodeIgniter.php(368): CodeIgniter\CodeIgniter->handleRequest(NULL, Object(Config\Cache), false)
#10 C:\Users\lowre\Desktop\SIT\y1tri3\CSC1106\Ci4-project\public\index.php(67): CodeIgniter\CodeIgniter->run()
#11 C:\Users\lowre\Desktop\SIT\y1tri3\CSC1106\Ci4-project\system\Commands\Server\rewrite.php(47): require_once('C:\\Users\\lowre\\...')
#12 {main}
CRITICAL - 2023-05-25 17:03:37 --> Unable to connect to the database.
Main connection [MySQLi]: No connection could be made because the target machine actively refused it
in SYSTEMPATH\Database\BaseConnection.php on line 427.
 1 SYSTEMPATH\Database\BaseConnection.php(574): CodeIgniter\Database\BaseConnection->initialize()
 2 SYSTEMPATH\Database\BaseBuilder.php(1616): CodeIgniter\Database\BaseConnection->query('SELECT *
FROM `email`', [], false)
 3 SYSTEMPATH\Model.php(241): CodeIgniter\Database\BaseBuilder->get()
 4 SYSTEMPATH\BaseModel.php(618): CodeIgniter\Model->doFindAll(0, 0)
 5 APPPATH\Models\EmailModel.php(15): CodeIgniter\BaseModel->findAll()
 6 APPPATH\Controllers\Email.php(27): App\Models\EmailModel->getEmail(null)
 7 SYSTEMPATH\CodeIgniter.php(934): App\Controllers\Email->view()
 8 SYSTEMPATH\CodeIgniter.php(499): CodeIgniter\CodeIgniter->runController(Object(App\Controllers\Email))
 9 SYSTEMPATH\CodeIgniter.php(368): CodeIgniter\CodeIgniter->handleRequest(null, Object(Config\Cache), false)
10 FCPATH\index.php(67): CodeIgniter\CodeIgniter->run()
11 SYSTEMPATH\Commands\Server\rewrite.php(47): require_once('C:\\Users\\lowre\\Desktop\\SIT\\y1tri3\\CSC1106\\Ci4-project\\public\\index.php')
